{"synthetic": false,
 "outputs":
 {"o": ["4158637936456254454"],
  "i": "3331876958770317082",
  "c": "3711302626915241266"},
 "log":
 [{"message":
   ".> LEAN_PATH=/Users/eric/Documents/GitHub/TDCSG/.lake/packages/Cli/.lake/build/lib/lean:/Users/eric/Documents/GitHub/TDCSG/.lake/packages/batteries/.lake/build/lib/lean:/Users/eric/Documents/GitHub/TDCSG/.lake/packages/Qq/.lake/build/lib/lean:/Users/eric/Documents/GitHub/TDCSG/.lake/packages/aesop/.lake/build/lib/lean:/Users/eric/Documents/GitHub/TDCSG/.lake/packages/proofwidgets/.lake/build/lib/lean:/Users/eric/Documents/GitHub/TDCSG/.lake/packages/importGraph/.lake/build/lib/lean:/Users/eric/Documents/GitHub/TDCSG/.lake/packages/LeanSearchClient/.lake/build/lib/lean:/Users/eric/Documents/GitHub/TDCSG/.lake/packages/plausible/.lake/build/lib/lean:/Users/eric/Documents/GitHub/TDCSG/.lake/packages/mathlib/.lake/build/lib/lean:/Users/eric/Documents/GitHub/TDCSG/.lake/build/lib/lean /Users/eric/.elan/toolchains/leanprover--lean4---v4.24.0/bin/lean /Users/eric/Documents/GitHub/TDCSG/TDCSG/CompoundSymmetry/Finiteness.lean -o /Users/eric/Documents/GitHub/TDCSG/.lake/build/lib/lean/TDCSG/CompoundSymmetry/Finiteness.olean -i /Users/eric/Documents/GitHub/TDCSG/.lake/build/lib/lean/TDCSG/CompoundSymmetry/Finiteness.ilean -c /Users/eric/Documents/GitHub/TDCSG/.lake/build/ir/TDCSG/CompoundSymmetry/Finiteness.c --setup /Users/eric/Documents/GitHub/TDCSG/.lake/build/ir/TDCSG/CompoundSymmetry/Finiteness.setup.json --json",
   "level": "trace"}],
 "inputs":
 [["TDCSG.CompoundSymmetry.Finiteness:deps",
   [["deps",
     [["TDCSG/TDCSG:extraDep", [["@TDCSG:extraDep", "1723"]]],
      ["imports",
       [["TDCSG.CompoundSymmetry.TwoDisk transitive imports (legacy)",
         "17128298417366917030"],
        ["TDCSG.CompoundSymmetry.TwoDisk:importAllArts", "5808026562131211898"],
        ["TDCSG.Planar.Rotations transitive imports (legacy)",
         "17201885231490774239"],
        ["TDCSG.Planar.Rotations:importAllArts", "16222767490121881242"],
        ["Mathlib.GroupTheory.GroupAction.Defs transitive imports (legacy)",
         "11159723835981123318"],
        ["Mathlib.GroupTheory.GroupAction.Defs:importAllArts",
         "13151218458934974595"]]]]],
    ["libs",
     [["import dynlibs", "1723"],
      ["package external libraries", "1723"],
      ["module dynlibs", "1723"],
      ["module plugins", "1723"]]]]],
  ["Lean 4.24.0, commit 797c613eb9b6d4ec95db23e3e00af9ac6657f24b",
   "1165570713881806064"],
  ["/Users/eric/Documents/GitHub/TDCSG/TDCSG/CompoundSymmetry/Finiteness.lean",
   "7649977625204125851"],
  ["options", [["-Dpp.unicode.fun=true", "11210593074386665387"]]],
  ["Module.leanArgs: #[]", "1723"]],
 "depHash": "9961496851581743115"}