{"synthetic": false,
 "outputs": null,
 "log":
 [{"message":
   ".> ELAN=elan ELAN_HOME=/Users/eric/.elan ELAN_TOOLCHAIN=leanprover/lean4:v4.24.0 LAKE=/Users/eric/.elan/toolchains/leanprover--lean4---v4.24.0/bin/lake LAKE_HOME=/Users/eric/.elan/toolchains/leanprover--lean4---v4.24.0 LAKE_PKG_URL_MAP={} LAKE_NO_CACHE=false LAKE_ARTIFACT_CACHE=false LAKE_CACHE_DIR=/Users/eric/.elan/toolchains/leanprover--lean4---v4.24.0/lake/cache LEAN=/Users/eric/.elan/toolchains/leanprover--lean4---v4.24.0/bin/lean LEAN_SYSROOT=/Users/eric/.elan/toolchains/leanprover--lean4---v4.24.0 LEAN_AR=/Users/eric/.elan/toolchains/leanprover--lean4---v4.24.0/bin/llvm-ar LEAN_CC= LEAN_PATH=/Users/eric/Documents/GitHub/TDCSG/.lake/packages/batteries/.lake/build/lib/lean:/Users/eric/Documents/GitHub/TDCSG/.lake/packages/Qq/.lake/build/lib/lean:/Users/eric/Documents/GitHub/TDCSG/.lake/packages/aesop/.lake/build/lib/lean:/Users/eric/Documents/GitHub/TDCSG/.lake/packages/proofwidgets/.lake/build/lib/lean:/Users/eric/Documents/GitHub/TDCSG/.lake/packages/importGraph/.lake/build/lib/lean:/Users/eric/Documents/GitHub/TDCSG/.lake/packages/LeanSearchClient/.lake/build/lib/lean:/Users/eric/Documents/GitHub/TDCSG/.lake/packages/plausible/.lake/build/lib/lean:/Users/eric/Documents/GitHub/TDCSG/.lake/packages/MD4Lean/.lake/build/lib/lean:/Users/eric/Documents/GitHub/TDCSG/.lake/packages/BibtexQuery/.lake/build/lib/lean:/Users/eric/Documents/GitHub/TDCSG/.lake/packages/UnicodeBasic/.lake/build/lib/lean:/Users/eric/Documents/GitHub/TDCSG/.lake/packages/Cli/.lake/build/lib/lean:/Users/eric/Documents/GitHub/TDCSG/.lake/packages/mathlib/.lake/build/lib/lean:/Users/eric/Documents/GitHub/TDCSG/.lake/packages/doc-gen4/.lake/build/lib/lean:/Users/eric/Documents/GitHub/TDCSG/.lake/build/lib/lean:/Users/eric/.elan/toolchains/leanprover--lean4---v4.24.0/lib/lean LEAN_SRC_PATH=/Users/eric/Documents/GitHub/TDCSG/.lake/packages/batteries:/Users/eric/Documents/GitHub/TDCSG/.lake/packages/batteries:/Users/eric/Documents/GitHub/TDCSG/.lake/packages/Qq:/Users/eric/Documents/GitHub/TDCSG/.lake/packages/Qq:/Users/eric/Documents/GitHub/TDCSG/.lake/packages/aesop:/Users/eric/Documents/GitHub/TDCSG/.lake/packages/aesop:/Users/eric/Documents/GitHub/TDCSG/.lake/packages/proofwidgets:/Users/eric/Documents/GitHub/TDCSG/.lake/packages/proofwidgets:/Users/eric/Documents/GitHub/TDCSG/.lake/packages/importGraph:/Users/eric/Documents/GitHub/TDCSG/.lake/packages/importGraph:/Users/eric/Documents/GitHub/TDCSG/.lake/packages/LeanSearchClient:/Users/eric/Documents/GitHub/TDCSG/.lake/packages/LeanSearchClient:/Users/eric/Documents/GitHub/TDCSG/.lake/packages/plausible:/Users/eric/Documents/GitHub/TDCSG/.lake/packages/plausible:/Users/eric/Documents/GitHub/TDCSG/.lake/packages/MD4Lean:/Users/eric/Documents/GitHub/TDCSG/.lake/packages/MD4Lean:/Users/eric/Documents/GitHub/TDCSG/.lake/packages/BibtexQuery:/Users/eric/Documents/GitHub/TDCSG/.lake/packages/UnicodeBasic:/Users/eric/Documents/GitHub/TDCSG/.lake/packages/UnicodeBasic:/Users/eric/Documents/GitHub/TDCSG/.lake/packages/Cli:/Users/eric/Documents/GitHub/TDCSG/.lake/packages/Cli:/Users/eric/Documents/GitHub/TDCSG/.lake/packages/mathlib:/Users/eric/Documents/GitHub/TDCSG/.lake/packages/mathlib:/Users/eric/Documents/GitHub/TDCSG/.lake/packages/mathlib:/Users/eric/Documents/GitHub/TDCSG/.lake/packages/mathlib:/Users/eric/Documents/GitHub/TDCSG/.lake/packages/mathlib:/Users/eric/Documents/GitHub/TDCSG/.lake/packages/mathlib:/Users/eric/Documents/GitHub/TDCSG/.lake/packages/mathlib:/Users/eric/Documents/GitHub/TDCSG/.lake/packages/doc-gen4:/Users/eric/Documents/GitHub/TDCSG:/Users/eric/.elan/toolchains/leanprover--lean4---v4.24.0/src/lean/lake LEAN_GITHASH=797c613eb9b6d4ec95db23e3e00af9ac6657f24b PATH DYLD_LIBRARY_PATH=/Users/eric/.elan/toolchains/leanprover--lean4---v4.24.0/lib/lean:/Users/eric/.elan/toolchains/leanprover--lean4---v4.24.0/lib:/Users/eric/Documents/GitHub/TDCSG/.lake/build/lib:/Users/eric/Documents/GitHub/TDCSG/.lake/packages/doc-gen4/.lake/build/lib:/Users/eric/Documents/GitHub/TDCSG/.lake/packages/mathlib/.lake/build/lib:/Users/eric/Documents/GitHub/TDCSG/.lake/packages/Cli/.lake/build/lib:/Users/eric/Documents/GitHub/TDCSG/.lake/packages/UnicodeBasic/.lake/build/lib:/Users/eric/Documents/GitHub/TDCSG/.lake/packages/BibtexQuery/.lake/build/lib:/Users/eric/Documents/GitHub/TDCSG/.lake/packages/MD4Lean/.lake/build/lib:/Users/eric/Documents/GitHub/TDCSG/.lake/packages/plausible/.lake/build/lib:/Users/eric/Documents/GitHub/TDCSG/.lake/packages/LeanSearchClient/.lake/build/lib:/Users/eric/Documents/GitHub/TDCSG/.lake/packages/importGraph/.lake/build/lib:/Users/eric/Documents/GitHub/TDCSG/.lake/packages/proofwidgets/.lake/build/lib:/Users/eric/Documents/GitHub/TDCSG/.lake/packages/aesop/.lake/build/lib:/Users/eric/Documents/GitHub/TDCSG/.lake/packages/Qq/.lake/build/lib:/Users/eric/Documents/GitHub/TDCSG/.lake/packages/batteries/.lake/build/lib /Users/eric/Documents/GitHub/TDCSG/.lake/packages/doc-gen4/.lake/build/bin/doc-gen4 single --build /Users/eric/Documents/GitHub/TDCSG/.lake/build Mathlib.Tactic.Common https://github.com/leanprover-community/mathlib4/blob/0008c2f8ef142f8e3a8d5dc1535bbc24e63244a6/Mathlib/Tactic/Common.lean",
   "level": "trace"}],
 "inputs":
 [["<collection>",
   [["/Users/eric/Documents/GitHub/TDCSG/.lake/build/doc/Aesop.html",
     "12106109520996460077"],
    ["/Users/eric/Documents/GitHub/TDCSG/.lake/build/doc/Qq.html",
     "10059217276272593328"],
    ["/Users/eric/Documents/GitHub/TDCSG/.lake/build/doc/Plausible.html",
     "7631844341039963762"],
    ["/Users/eric/Documents/GitHub/TDCSG/.lake/build/doc/ImportGraph/Imports.html",
     "13161399567638629218"],
    ["/Users/eric/Documents/GitHub/TDCSG/.lake/build/doc/Batteries/Tactic/Basic.html",
     "13238927471379494213"],
    ["/Users/eric/Documents/GitHub/TDCSG/.lake/build/doc/Batteries/Tactic/Case.html",
     "10390815113430673965"],
    ["/Users/eric/Documents/GitHub/TDCSG/.lake/build/doc/Batteries/Tactic/HelpCmd.html",
     "5361847901071530961"],
    ["/Users/eric/Documents/GitHub/TDCSG/.lake/build/doc/Batteries/Tactic/Alias.html",
     "8448198565110315279"],
    ["/Users/eric/Documents/GitHub/TDCSG/.lake/build/doc/LeanSearchClient.html",
     "16338284956018294328"],
    ["/Users/eric/Documents/GitHub/TDCSG/.lake/build/doc/Mathlib/Tactic/Linter/Lint.html",
     "16747753429163057349"],
    ["/Users/eric/Documents/GitHub/TDCSG/.lake/build/doc/Mathlib/Tactic/ApplyCongr.html",
     "3652485442717180171"],
    ["/Users/eric/Documents/GitHub/TDCSG/.lake/build/doc/Mathlib/Tactic/ApplyAt.html",
     "2003964001712243741"],
    ["/Users/eric/Documents/GitHub/TDCSG/.lake/build/doc/Mathlib/Tactic/ApplyWith.html",
     "254139795347403797"],
    ["/Users/eric/Documents/GitHub/TDCSG/.lake/build/doc/Mathlib/Tactic/Basic.html",
     "365454033372552400"],
    ["/Users/eric/Documents/GitHub/TDCSG/.lake/build/doc/Mathlib/Tactic/ByContra.html",
     "9507674987125973160"],
    ["/Users/eric/Documents/GitHub/TDCSG/.lake/build/doc/Mathlib/Tactic/CasesM.html",
     "7842208185491003497"],
    ["/Users/eric/Documents/GitHub/TDCSG/.lake/build/doc/Mathlib/Tactic/Check.html",
     "1385737062980179683"],
    ["/Users/eric/Documents/GitHub/TDCSG/.lake/build/doc/Mathlib/Tactic/Choose.html",
     "4651948313286734139"],
    ["/Users/eric/Documents/GitHub/TDCSG/.lake/build/doc/Mathlib/Tactic/ClearExclamation.html",
     "13473964947506554415"],
    ["/Users/eric/Documents/GitHub/TDCSG/.lake/build/doc/Mathlib/Tactic/ClearExcept.html",
     "12980695451599060799"],
    ["/Users/eric/Documents/GitHub/TDCSG/.lake/build/doc/Mathlib/Tactic/Clear_.html",
     "11867611882632759742"],
    ["/Users/eric/Documents/GitHub/TDCSG/.lake/build/doc/Mathlib/Tactic/Coe.html",
     "14122417053210723477"],
    ["/Users/eric/Documents/GitHub/TDCSG/.lake/build/doc/Mathlib/Tactic/CongrExclamation.html",
     "4768473710674267802"],
    ["/Users/eric/Documents/GitHub/TDCSG/.lake/build/doc/Mathlib/Tactic/CongrM.html",
     "18100728796923888318"],
    ["/Users/eric/Documents/GitHub/TDCSG/.lake/build/doc/Mathlib/Tactic/Constructor.html",
     "17347383060454815545"],
    ["/Users/eric/Documents/GitHub/TDCSG/.lake/build/doc/Mathlib/Tactic/Contrapose.html",
     "3150255697000640754"],
    ["/Users/eric/Documents/GitHub/TDCSG/.lake/build/doc/Mathlib/Tactic/Conv.html",
     "16662640827628844202"],
    ["/Users/eric/Documents/GitHub/TDCSG/.lake/build/doc/Mathlib/Tactic/Convert.html",
     "11713012843579285567"],
    ["/Users/eric/Documents/GitHub/TDCSG/.lake/build/doc/Mathlib/Tactic/DefEqTransformations.html",
     "17639411070699887584"],
    ["/Users/eric/Documents/GitHub/TDCSG/.lake/build/doc/Mathlib/Tactic/DeprecateTo.html",
     "11003424271486469796"],
    ["/Users/eric/Documents/GitHub/TDCSG/.lake/build/doc/Mathlib/Tactic/ErwQuestion.html",
     "5941182189757269285"],
    ["/Users/eric/Documents/GitHub/TDCSG/.lake/build/doc/Mathlib/Tactic/Eqns.html",
     "2188338068828699988"],
    ["/Users/eric/Documents/GitHub/TDCSG/.lake/build/doc/Mathlib/Tactic/ExistsI.html",
     "2204426242755922629"],
    ["/Users/eric/Documents/GitHub/TDCSG/.lake/build/doc/Mathlib/Tactic/ExtractGoal.html",
     "13442787989800271179"],
    ["/Users/eric/Documents/GitHub/TDCSG/.lake/build/doc/Mathlib/Tactic/FailIfNoProgress.html",
     "1610648047283168967"],
    ["/Users/eric/Documents/GitHub/TDCSG/.lake/build/doc/Mathlib/Tactic/Find.html",
     "15662416597355163159"],
    ["/Users/eric/Documents/GitHub/TDCSG/.lake/build/doc/Mathlib/Tactic/FunProp.html",
     "84444253011114718"],
    ["/Users/eric/Documents/GitHub/TDCSG/.lake/build/doc/Mathlib/Tactic/GCongr.html",
     "16248616700602936111"],
    ["/Users/eric/Documents/GitHub/TDCSG/.lake/build/doc/Mathlib/Tactic/GRewrite.html",
     "2612179038915800120"],
    ["/Users/eric/Documents/GitHub/TDCSG/.lake/build/doc/Mathlib/Tactic/GeneralizeProofs.html",
     "18111662136941452973"],
    ["/Users/eric/Documents/GitHub/TDCSG/.lake/build/doc/Mathlib/Tactic/GuardGoalNums.html",
     "6330666078852036117"],
    ["/Users/eric/Documents/GitHub/TDCSG/.lake/build/doc/Mathlib/Tactic/GuardHypNums.html",
     "2920945732443024342"],
    ["/Users/eric/Documents/GitHub/TDCSG/.lake/build/doc/Mathlib/Tactic/HigherOrder.html",
     "13636936392355834825"],
    ["/Users/eric/Documents/GitHub/TDCSG/.lake/build/doc/Mathlib/Tactic/Hint.html",
     "636511366384309080"],
    ["/Users/eric/Documents/GitHub/TDCSG/.lake/build/doc/Mathlib/Tactic/InferParam.html",
     "11952963083676160410"],
    ["/Users/eric/Documents/GitHub/TDCSG/.lake/build/doc/Mathlib/Tactic/Inhabit.html",
     "15759214448011277689"],
    ["/Users/eric/Documents/GitHub/TDCSG/.lake/build/doc/Mathlib/Tactic/IrreducibleDef.html",
     "11698957066768012138"],
    ["/Users/eric/Documents/GitHub/TDCSG/.lake/build/doc/Mathlib/Tactic/Lift.html",
     "10534054301264286453"],
    ["/Users/eric/Documents/GitHub/TDCSG/.lake/build/doc/Mathlib/Tactic/Linter.html",
     "11975849068800567087"],
    ["/Users/eric/Documents/GitHub/TDCSG/.lake/build/doc/Mathlib/Tactic/MkIffOfInductiveProp.html",
     "15159527009326080787"],
    ["/Users/eric/Documents/GitHub/TDCSG/.lake/build/doc/Mathlib/Tactic/NthRewrite.html",
     "17988251440580774843"],
    ["/Users/eric/Documents/GitHub/TDCSG/.lake/build/doc/Mathlib/Tactic/Observe.html",
     "258224094593256364"],
    ["/Users/eric/Documents/GitHub/TDCSG/.lake/build/doc/Mathlib/Tactic/OfNat.html",
     "15677016208928015419"],
    ["/Users/eric/Documents/GitHub/TDCSG/.lake/build/doc/Mathlib/Tactic/Propose.html",
     "10644033517203160780"],
    ["/Users/eric/Documents/GitHub/TDCSG/.lake/build/doc/Mathlib/Tactic/Push.html",
     "15276184664937037829"],
    ["/Users/eric/Documents/GitHub/TDCSG/.lake/build/doc/Mathlib/Tactic/RSuffices.html",
     "436368814627276643"],
    ["/Users/eric/Documents/GitHub/TDCSG/.lake/build/doc/Mathlib/Tactic/Recover.html",
     "8422692189660160679"],
    ["/Users/eric/Documents/GitHub/TDCSG/.lake/build/doc/Mathlib/Tactic/Relation/Rfl.html",
     "9359689742688588939"],
    ["/Users/eric/Documents/GitHub/TDCSG/.lake/build/doc/Mathlib/Tactic/Rename.html",
     "503310092481522311"],
    ["/Users/eric/Documents/GitHub/TDCSG/.lake/build/doc/Mathlib/Tactic/RenameBVar.html",
     "3015202532829542239"],
    ["/Users/eric/Documents/GitHub/TDCSG/.lake/build/doc/Mathlib/Tactic/Says.html",
     "1054728067983074671"],
    ["/Users/eric/Documents/GitHub/TDCSG/.lake/build/doc/Mathlib/Tactic/ScopedNS.html",
     "8890605368138396632"],
    ["/Users/eric/Documents/GitHub/TDCSG/.lake/build/doc/Mathlib/Tactic/Set.html",
     "3586348756669271391"],
    ["/Users/eric/Documents/GitHub/TDCSG/.lake/build/doc/Mathlib/Tactic/SimpIntro.html",
     "2912088273815556401"],
    ["/Users/eric/Documents/GitHub/TDCSG/.lake/build/doc/Mathlib/Tactic/SimpRw.html",
     "7656381510606798522"],
    ["/Users/eric/Documents/GitHub/TDCSG/.lake/build/doc/Mathlib/Tactic/Simps/Basic.html",
     "2071847744243281023"],
    ["/Users/eric/Documents/GitHub/TDCSG/.lake/build/doc/Mathlib/Tactic/SplitIfs.html",
     "7634611620772517477"],
    ["/Users/eric/Documents/GitHub/TDCSG/.lake/build/doc/Mathlib/Tactic/Spread.html",
     "11888208481067348949"],
    ["/Users/eric/Documents/GitHub/TDCSG/.lake/build/doc/Mathlib/Tactic/Subsingleton.html",
     "9287086572498184267"],
    ["/Users/eric/Documents/GitHub/TDCSG/.lake/build/doc/Mathlib/Tactic/Substs.html",
     "14221669677808322315"],
    ["/Users/eric/Documents/GitHub/TDCSG/.lake/build/doc/Mathlib/Tactic/SuccessIfFailWithMsg.html",
     "18015044198961849691"],
    ["/Users/eric/Documents/GitHub/TDCSG/.lake/build/doc/Mathlib/Tactic/SudoSetOption.html",
     "4296649114676179252"],
    ["/Users/eric/Documents/GitHub/TDCSG/.lake/build/doc/Mathlib/Tactic/SwapVar.html",
     "2273363808316063422"],
    ["/Users/eric/Documents/GitHub/TDCSG/.lake/build/doc/Mathlib/Tactic/Tauto.html",
     "14836156576361599262"],
    ["/Users/eric/Documents/GitHub/TDCSG/.lake/build/doc/Mathlib/Tactic/TermCongr.html",
     "3281838487640236187"],
    ["/Users/eric/Documents/GitHub/TDCSG/.lake/build/doc/Mathlib/Tactic/ToExpr.html",
     "13474353643031880812"],
    ["/Users/eric/Documents/GitHub/TDCSG/.lake/build/doc/Mathlib/Tactic/ToLevel.html",
     "6911974010212879795"],
    ["/Users/eric/Documents/GitHub/TDCSG/.lake/build/doc/Mathlib/Tactic/Trace.html",
     "4208101697961297691"],
    ["/Users/eric/Documents/GitHub/TDCSG/.lake/build/doc/Mathlib/Tactic/TypeCheck.html",
     "13272552776350252005"],
    ["/Users/eric/Documents/GitHub/TDCSG/.lake/build/doc/Mathlib/Tactic/UnsetOption.html",
     "10958475560858184965"],
    ["/Users/eric/Documents/GitHub/TDCSG/.lake/build/doc/Mathlib/Tactic/Use.html",
     "18333308586232210187"],
    ["/Users/eric/Documents/GitHub/TDCSG/.lake/build/doc/Mathlib/Tactic/Variable.html",
     "11664947601119649083"],
    ["/Users/eric/Documents/GitHub/TDCSG/.lake/build/doc/Mathlib/Tactic/Widget/Calc.html",
     "10839027141602329740"],
    ["/Users/eric/Documents/GitHub/TDCSG/.lake/build/doc/Mathlib/Tactic/Widget/CongrM.html",
     "16606840830743271409"],
    ["/Users/eric/Documents/GitHub/TDCSG/.lake/build/doc/Mathlib/Tactic/Widget/Conv.html",
     "7571939848483175617"],
    ["/Users/eric/Documents/GitHub/TDCSG/.lake/build/doc/Mathlib/Tactic/Widget/LibraryRewrite.html",
     "3839352906921418840"],
    ["/Users/eric/Documents/GitHub/TDCSG/.lake/build/doc/Mathlib/Tactic/WLOG.html",
     "7708173249153191132"],
    ["/Users/eric/Documents/GitHub/TDCSG/.lake/build/doc/Mathlib/Util/AssertExists.html",
     "5304904352723580288"],
    ["/Users/eric/Documents/GitHub/TDCSG/.lake/build/doc/Mathlib/Util/CountHeartbeats.html",
     "3541809768121197051"],
    ["/Users/eric/Documents/GitHub/TDCSG/.lake/build/doc/Mathlib/Util/PrintSorries.html",
     "15781675262125234150"],
    ["/Users/eric/Documents/GitHub/TDCSG/.lake/build/doc/Mathlib/Util/TransImports.html",
     "1867568697489589628"],
    ["/Users/eric/Documents/GitHub/TDCSG/.lake/build/doc/Mathlib/Util/WhatsNew.html",
     "12546852640113648066"]]],
  ["/Users/eric/Documents/GitHub/TDCSG/.lake/build/doc-data/references.json",
   "11893762902049086281"],
  ["/Users/eric/Documents/GitHub/TDCSG/.lake/packages/doc-gen4/.lake/build/bin/doc-gen4",
   "5777005123741435647"],
  ["Mathlib.Tactic.Common:leanArts", "898637708704482717"]],
 "depHash": "3079428362750539387"}