{"synthetic": false,
 "outputs":
 {"o": ["8583849735867239369"],
  "i": "1373196134019944188",
  "c": "8541525089671596162"},
 "log":
 [{"message":
   ".> LEAN_PATH=/Users/eric/Documents/GitHub/TDCSG/.lake/packages/Cli/.lake/build/lib/lean:/Users/eric/Documents/GitHub/TDCSG/.lake/packages/batteries/.lake/build/lib/lean:/Users/eric/Documents/GitHub/TDCSG/.lake/packages/Qq/.lake/build/lib/lean:/Users/eric/Documents/GitHub/TDCSG/.lake/packages/aesop/.lake/build/lib/lean:/Users/eric/Documents/GitHub/TDCSG/.lake/packages/proofwidgets/.lake/build/lib/lean:/Users/eric/Documents/GitHub/TDCSG/.lake/packages/importGraph/.lake/build/lib/lean:/Users/eric/Documents/GitHub/TDCSG/.lake/packages/LeanSearchClient/.lake/build/lib/lean:/Users/eric/Documents/GitHub/TDCSG/.lake/packages/plausible/.lake/build/lib/lean:/Users/eric/Documents/GitHub/TDCSG/.lake/packages/mathlib/.lake/build/lib/lean:/Users/eric/Documents/GitHub/TDCSG/.lake/build/lib/lean /Users/eric/.elan/toolchains/leanprover--lean4---v4.24.0/bin/lean /Users/eric/Documents/GitHub/TDCSG/TDCSG/Composition.lean -o /Users/eric/Documents/GitHub/TDCSG/.lake/build/lib/lean/TDCSG/Composition.olean -i /Users/eric/Documents/GitHub/TDCSG/.lake/build/lib/lean/TDCSG/Composition.ilean -c /Users/eric/Documents/GitHub/TDCSG/.lake/build/ir/TDCSG/Composition.c --setup /Users/eric/Documents/GitHub/TDCSG/.lake/build/ir/TDCSG/Composition.setup.json --json",
   "level": "trace"}],
 "inputs":
 [["TDCSG.Composition:deps",
   [["deps",
     [["TDCSG/TDCSG:extraDep", [["@TDCSG:extraDep", "1723"]]],
      ["imports",
       [["TDCSG.Basic transitive imports (legacy)", "10458409012316680426"],
        ["TDCSG.Basic:importAllArts", "13749762547982371104"],
        ["TDCSG.Properties transitive imports (legacy)", "4542433045911486500"],
        ["TDCSG.Properties:importAllArts", "14786382295713099058"],
        ["Mathlib.Topology.MetricSpace.Isometry transitive imports (legacy)",
         "1590839692104593553"],
        ["Mathlib.Topology.MetricSpace.Isometry:importAllArts",
         "9361512782541554936"]]]]],
    ["libs",
     [["import dynlibs", "1723"],
      ["package external libraries", "1723"],
      ["module dynlibs", "1723"],
      ["module plugins", "1723"]]]]],
  ["Lean 4.24.0, commit 797c613eb9b6d4ec95db23e3e00af9ac6657f24b",
   "1165570713881806064"],
  ["/Users/eric/Documents/GitHub/TDCSG/TDCSG/Composition.lean",
   "15278296426914848263"],
  ["options", [["-Dpp.unicode.fun=true", "11210593074386665387"]]],
  ["Module.leanArgs: #[]", "1723"]],
 "depHash": "16079509377643672529"}