{"synthetic": false,
 "outputs":
 {"o": ["13047480494173893975"],
  "i": "4708351242373347741",
  "c": "9741664645019506612"},
 "log":
 [{"message":
   ".> LEAN_PATH=/Users/eric/Documents/GitHub/TDCSG/.lake/packages/Cli/.lake/build/lib/lean:/Users/eric/Documents/GitHub/TDCSG/.lake/packages/batteries/.lake/build/lib/lean:/Users/eric/Documents/GitHub/TDCSG/.lake/packages/Qq/.lake/build/lib/lean:/Users/eric/Documents/GitHub/TDCSG/.lake/packages/aesop/.lake/build/lib/lean:/Users/eric/Documents/GitHub/TDCSG/.lake/packages/proofwidgets/.lake/build/lib/lean:/Users/eric/Documents/GitHub/TDCSG/.lake/packages/importGraph/.lake/build/lib/lean:/Users/eric/Documents/GitHub/TDCSG/.lake/packages/LeanSearchClient/.lake/build/lib/lean:/Users/eric/Documents/GitHub/TDCSG/.lake/packages/plausible/.lake/build/lib/lean:/Users/eric/Documents/GitHub/TDCSG/.lake/packages/mathlib/.lake/build/lib/lean:/Users/eric/Documents/GitHub/TDCSG/.lake/build/lib/lean /Users/eric/.elan/toolchains/leanprover--lean4---v4.24.0/bin/lean /Users/eric/Documents/GitHub/TDCSG/TDCSG/Examples.lean -o /Users/eric/Documents/GitHub/TDCSG/.lake/build/lib/lean/TDCSG/Examples.olean -i /Users/eric/Documents/GitHub/TDCSG/.lake/build/lib/lean/TDCSG/Examples.ilean -c /Users/eric/Documents/GitHub/TDCSG/.lake/build/ir/TDCSG/Examples.c --setup /Users/eric/Documents/GitHub/TDCSG/.lake/build/ir/TDCSG/Examples.setup.json --json",
   "level": "trace"}],
 "inputs":
 [["TDCSG.Examples:deps",
   [["deps",
     [["TDCSG/TDCSG:extraDep", [["@TDCSG:extraDep", "1723"]]],
      ["imports",
       [["TDCSG.Basic transitive imports (legacy)", "10458409012316680426"],
        ["TDCSG.Basic:importAllArts", "13749762547982371104"],
        ["TDCSG.Properties transitive imports (legacy)", "4542433045911486500"],
        ["TDCSG.Properties:importAllArts", "14786382295713099058"],
        ["TDCSG.Finite transitive imports (legacy)", "1072011554626084439"],
        ["TDCSG.Finite:importAllArts", "15982932195369980884"],
        ["Mathlib.Analysis.InnerProductSpace.PiL2 transitive imports (legacy)",
         "6871004246628049570"],
        ["Mathlib.Analysis.InnerProductSpace.PiL2:importAllArts",
         "8862169927713307610"],
        ["Mathlib.Analysis.Real.Cardinality transitive imports (legacy)",
         "8013364388804854356"],
        ["Mathlib.Analysis.Real.Cardinality:importAllArts",
         "2381446358502231278"]]]]],
    ["libs",
     [["import dynlibs", "1723"],
      ["package external libraries", "1723"],
      ["module dynlibs", "1723"],
      ["module plugins", "1723"]]]]],
  ["Lean 4.24.0, commit 797c613eb9b6d4ec95db23e3e00af9ac6657f24b",
   "1165570713881806064"],
  ["/Users/eric/Documents/GitHub/TDCSG/TDCSG/Examples.lean",
   "4074887017876247589"],
  ["options", [["-Dpp.unicode.fun=true", "11210593074386665387"]]],
  ["Module.leanArgs: #[]", "1723"]],
 "depHash": "11094501733310399258"}