{"synthetic": false,
 "outputs":
 {"o": ["14142135867857032183"],
  "i": "5440548334827551025",
  "c": "961489629674068466"},
 "log":
 [{"message":
   ".> LEAN_PATH=/Users/eric/Documents/GitHub/TDCSG/.lake/packages/Cli/.lake/build/lib/lean:/Users/eric/Documents/GitHub/TDCSG/.lake/packages/batteries/.lake/build/lib/lean:/Users/eric/Documents/GitHub/TDCSG/.lake/packages/Qq/.lake/build/lib/lean:/Users/eric/Documents/GitHub/TDCSG/.lake/packages/aesop/.lake/build/lib/lean:/Users/eric/Documents/GitHub/TDCSG/.lake/packages/proofwidgets/.lake/build/lib/lean:/Users/eric/Documents/GitHub/TDCSG/.lake/packages/importGraph/.lake/build/lib/lean:/Users/eric/Documents/GitHub/TDCSG/.lake/packages/LeanSearchClient/.lake/build/lib/lean:/Users/eric/Documents/GitHub/TDCSG/.lake/packages/plausible/.lake/build/lib/lean:/Users/eric/Documents/GitHub/TDCSG/.lake/packages/mathlib/.lake/build/lib/lean:/Users/eric/Documents/GitHub/TDCSG/.lake/build/lib/lean /Users/eric/.elan/toolchains/leanprover--lean4---v4.24.0/bin/lean /Users/eric/Documents/GitHub/TDCSG/TDCSG/Finite.lean -o /Users/eric/Documents/GitHub/TDCSG/.lake/build/lib/lean/TDCSG/Finite.olean -i /Users/eric/Documents/GitHub/TDCSG/.lake/build/lib/lean/TDCSG/Finite.ilean -c /Users/eric/Documents/GitHub/TDCSG/.lake/build/ir/TDCSG/Finite.c --setup /Users/eric/Documents/GitHub/TDCSG/.lake/build/ir/TDCSG/Finite.setup.json --json",
   "level": "trace"}],
 "inputs":
 [["TDCSG.Finite:deps",
   [["deps",
     [["TDCSG/TDCSG:extraDep", [["@TDCSG:extraDep", "1723"]]],
      ["imports",
       [["TDCSG.Basic transitive imports (legacy)", "10458409012316680426"],
        ["TDCSG.Basic:importAllArts", "13749762547982371104"],
        ["TDCSG.Properties transitive imports (legacy)", "4542433045911486500"],
        ["TDCSG.Properties:importAllArts", "14786382295713099058"],
        ["TDCSG.MeasurePreserving transitive imports (legacy)",
         "1601505857166854766"],
        ["TDCSG.MeasurePreserving:importAllArts", "5075494776115735159"],
        ["Mathlib.Data.Set.Finite.Basic transitive imports (legacy)",
         "3131656097876226306"],
        ["Mathlib.Data.Set.Finite.Basic:importAllArts",
         "1511357976608840944"]]]]],
    ["libs",
     [["import dynlibs", "1723"],
      ["package external libraries", "1723"],
      ["module dynlibs", "1723"],
      ["module plugins", "1723"]]]]],
  ["Lean 4.24.0, commit 797c613eb9b6d4ec95db23e3e00af9ac6657f24b",
   "1165570713881806064"],
  ["/Users/eric/Documents/GitHub/TDCSG/TDCSG/Finite.lean",
   "15007444248770459423"],
  ["options", [["-Dpp.unicode.fun=true", "11210593074386665387"]]],
  ["Module.leanArgs: #[]", "1723"]],
 "depHash": "3970028229436925140"}