{"synthetic": false,
 "outputs":
 {"o": ["3084419635948309928"],
  "i": "13088862673802235601",
  "c": "14974994620259622638"},
 "log":
 [{"message":
   ".> LEAN_PATH=/Users/eric/Documents/GitHub/TDCSG/.lake/packages/Cli/.lake/build/lib/lean:/Users/eric/Documents/GitHub/TDCSG/.lake/packages/batteries/.lake/build/lib/lean:/Users/eric/Documents/GitHub/TDCSG/.lake/packages/Qq/.lake/build/lib/lean:/Users/eric/Documents/GitHub/TDCSG/.lake/packages/aesop/.lake/build/lib/lean:/Users/eric/Documents/GitHub/TDCSG/.lake/packages/proofwidgets/.lake/build/lib/lean:/Users/eric/Documents/GitHub/TDCSG/.lake/packages/importGraph/.lake/build/lib/lean:/Users/eric/Documents/GitHub/TDCSG/.lake/packages/LeanSearchClient/.lake/build/lib/lean:/Users/eric/Documents/GitHub/TDCSG/.lake/packages/plausible/.lake/build/lib/lean:/Users/eric/Documents/GitHub/TDCSG/.lake/packages/mathlib/.lake/build/lib/lean:/Users/eric/Documents/GitHub/TDCSG/.lake/build/lib/lean /Users/eric/.elan/toolchains/leanprover--lean4---v4.24.0/bin/lean /Users/eric/Documents/GitHub/TDCSG/TDCSG/IntervalExchange.lean -o /Users/eric/Documents/GitHub/TDCSG/.lake/build/lib/lean/TDCSG/IntervalExchange.olean -i /Users/eric/Documents/GitHub/TDCSG/.lake/build/lib/lean/TDCSG/IntervalExchange.ilean -c /Users/eric/Documents/GitHub/TDCSG/.lake/build/ir/TDCSG/IntervalExchange.c --setup /Users/eric/Documents/GitHub/TDCSG/.lake/build/ir/TDCSG/IntervalExchange.setup.json --json",
   "level": "trace"}],
 "inputs":
 [["TDCSG.IntervalExchange:deps",
   [["deps",
     [["TDCSG/TDCSG:extraDep", [["@TDCSG:extraDep", "1723"]]],
      ["imports",
       [["TDCSG.Basic transitive imports (legacy)", "10458409012316680426"],
        ["TDCSG.Basic:importAllArts", "13749762547982371104"],
        ["TDCSG.Finite transitive imports (legacy)", "1072011554626084439"],
        ["TDCSG.Finite:importAllArts", "15982932195369980884"],
        ["TDCSG.MeasurePreserving transitive imports (legacy)",
         "1601505857166854766"],
        ["TDCSG.MeasurePreserving:importAllArts", "5075494776115735159"],
        ["Mathlib.Data.Real.Basic transitive imports (legacy)",
         "3490745727804159965"],
        ["Mathlib.Data.Real.Basic:importAllArts", "806048334085254499"],
        ["Mathlib.Algebra.BigOperators.Fin transitive imports (legacy)",
         "6910425988130114077"],
        ["Mathlib.Algebra.BigOperators.Fin:importAllArts",
         "6830822078111861927"]]]]],
    ["libs",
     [["import dynlibs", "1723"],
      ["package external libraries", "1723"],
      ["module dynlibs", "1723"],
      ["module plugins", "1723"]]]]],
  ["Lean 4.24.0, commit 797c613eb9b6d4ec95db23e3e00af9ac6657f24b",
   "1165570713881806064"],
  ["/Users/eric/Documents/GitHub/TDCSG/TDCSG/IntervalExchange.lean",
   "3470776899366944938"],
  ["options", [["-Dpp.unicode.fun=true", "11210593074386665387"]]],
  ["Module.leanArgs: #[]", "1723"]],
 "depHash": "14434850466031721372"}