{"synthetic": false,
 "outputs":
 {"o": ["10207378300199285307"],
  "i": "10712819108390563856",
  "c": "16796010976074276198"},
 "log":
 [{"message":
   ".> LEAN_PATH=/Users/eric/Documents/GitHub/TDCSG/.lake/packages/Cli/.lake/build/lib/lean:/Users/eric/Documents/GitHub/TDCSG/.lake/packages/batteries/.lake/build/lib/lean:/Users/eric/Documents/GitHub/TDCSG/.lake/packages/Qq/.lake/build/lib/lean:/Users/eric/Documents/GitHub/TDCSG/.lake/packages/aesop/.lake/build/lib/lean:/Users/eric/Documents/GitHub/TDCSG/.lake/packages/proofwidgets/.lake/build/lib/lean:/Users/eric/Documents/GitHub/TDCSG/.lake/packages/importGraph/.lake/build/lib/lean:/Users/eric/Documents/GitHub/TDCSG/.lake/packages/LeanSearchClient/.lake/build/lib/lean:/Users/eric/Documents/GitHub/TDCSG/.lake/packages/plausible/.lake/build/lib/lean:/Users/eric/Documents/GitHub/TDCSG/.lake/packages/mathlib/.lake/build/lib/lean:/Users/eric/Documents/GitHub/TDCSG/.lake/build/lib/lean /Users/eric/.elan/toolchains/leanprover--lean4---v4.24.0/bin/lean /Users/eric/Documents/GitHub/TDCSG/TDCSG/MeasurePreserving.lean -o /Users/eric/Documents/GitHub/TDCSG/.lake/build/lib/lean/TDCSG/MeasurePreserving.olean -i /Users/eric/Documents/GitHub/TDCSG/.lake/build/lib/lean/TDCSG/MeasurePreserving.ilean -c /Users/eric/Documents/GitHub/TDCSG/.lake/build/ir/TDCSG/MeasurePreserving.c --setup /Users/eric/Documents/GitHub/TDCSG/.lake/build/ir/TDCSG/MeasurePreserving.setup.json --json",
   "level": "trace"}],
 "inputs":
 [["TDCSG.MeasurePreserving:deps",
   [["deps",
     [["TDCSG/TDCSG:extraDep", [["@TDCSG:extraDep", "1723"]]],
      ["imports",
       [["TDCSG.Basic transitive imports (legacy)", "10458409012316680426"],
        ["TDCSG.Basic:importAllArts", "13749762547982371104"],
        ["TDCSG.Properties transitive imports (legacy)", "4542433045911486500"],
        ["TDCSG.Properties:importAllArts", "14786382295713099058"],
        ["TDCSG.Composition transitive imports (legacy)",
         "11350215254620977065"],
        ["TDCSG.Composition:importAllArts", "7882929203238391926"],
        ["Mathlib.Dynamics.Ergodic.MeasurePreserving transitive imports (legacy)",
         "8826867180773760405"],
        ["Mathlib.Dynamics.Ergodic.MeasurePreserving:importAllArts",
         "13349661356040202778"],
        ["Mathlib.MeasureTheory.Measure.MeasureSpaceDef transitive imports (legacy)",
         "9058130077505069309"],
        ["Mathlib.MeasureTheory.Measure.MeasureSpaceDef:importAllArts",
         "11734517085692938939"],
        ["Mathlib.MeasureTheory.Constructions.BorelSpace.Basic transitive imports (legacy)",
         "2712734012315085440"],
        ["Mathlib.MeasureTheory.Constructions.BorelSpace.Basic:importAllArts",
         "18267130554999825604"],
        ["Mathlib.MeasureTheory.Constructions.Polish.Basic transitive imports (legacy)",
         "13201629606552383833"],
        ["Mathlib.MeasureTheory.Constructions.Polish.Basic:importAllArts",
         "12923682335174951335"]]]]],
    ["libs",
     [["import dynlibs", "1723"],
      ["package external libraries", "1723"],
      ["module dynlibs", "1723"],
      ["module plugins", "1723"]]]]],
  ["Lean 4.24.0, commit 797c613eb9b6d4ec95db23e3e00af9ac6657f24b",
   "1165570713881806064"],
  ["/Users/eric/Documents/GitHub/TDCSG/TDCSG/MeasurePreserving.lean",
   "11024397981149092518"],
  ["options", [["-Dpp.unicode.fun=true", "11210593074386665387"]]],
  ["Module.leanArgs: #[]", "1723"]],
 "depHash": "1182753137894102872"}