{"synthetic": false,
 "outputs": null,
 "log":
 [{"message":
   ".> ELAN=elan ELAN_HOME=/Users/eric/.elan ELAN_TOOLCHAIN=leanprover/lean4:v4.24.0 LAKE=/Users/eric/.elan/toolchains/leanprover--lean4---v4.24.0/bin/lake LAKE_HOME=/Users/eric/.elan/toolchains/leanprover--lean4---v4.24.0 LAKE_PKG_URL_MAP={} LAKE_NO_CACHE=false LAKE_ARTIFACT_CACHE=false LAKE_CACHE_DIR=/Users/eric/.elan/toolchains/leanprover--lean4---v4.24.0/lake/cache LEAN=/Users/eric/.elan/toolchains/leanprover--lean4---v4.24.0/bin/lean LEAN_SYSROOT=/Users/eric/.elan/toolchains/leanprover--lean4---v4.24.0 LEAN_AR=/Users/eric/.elan/toolchains/leanprover--lean4---v4.24.0/bin/llvm-ar LEAN_CC= LEAN_PATH=/Users/eric/Documents/GitHub/TDCSG/.lake/packages/batteries/.lake/build/lib/lean:/Users/eric/Documents/GitHub/TDCSG/.lake/packages/Qq/.lake/build/lib/lean:/Users/eric/Documents/GitHub/TDCSG/.lake/packages/aesop/.lake/build/lib/lean:/Users/eric/Documents/GitHub/TDCSG/.lake/packages/proofwidgets/.lake/build/lib/lean:/Users/eric/Documents/GitHub/TDCSG/.lake/packages/importGraph/.lake/build/lib/lean:/Users/eric/Documents/GitHub/TDCSG/.lake/packages/LeanSearchClient/.lake/build/lib/lean:/Users/eric/Documents/GitHub/TDCSG/.lake/packages/plausible/.lake/build/lib/lean:/Users/eric/Documents/GitHub/TDCSG/.lake/packages/MD4Lean/.lake/build/lib/lean:/Users/eric/Documents/GitHub/TDCSG/.lake/packages/BibtexQuery/.lake/build/lib/lean:/Users/eric/Documents/GitHub/TDCSG/.lake/packages/UnicodeBasic/.lake/build/lib/lean:/Users/eric/Documents/GitHub/TDCSG/.lake/packages/Cli/.lake/build/lib/lean:/Users/eric/Documents/GitHub/TDCSG/.lake/packages/mathlib/.lake/build/lib/lean:/Users/eric/Documents/GitHub/TDCSG/.lake/packages/doc-gen4/.lake/build/lib/lean:/Users/eric/Documents/GitHub/TDCSG/.lake/build/lib/lean:/Users/eric/.elan/toolchains/leanprover--lean4---v4.24.0/lib/lean LEAN_SRC_PATH=/Users/eric/Documents/GitHub/TDCSG/.lake/packages/batteries:/Users/eric/Documents/GitHub/TDCSG/.lake/packages/batteries:/Users/eric/Documents/GitHub/TDCSG/.lake/packages/Qq:/Users/eric/Documents/GitHub/TDCSG/.lake/packages/Qq:/Users/eric/Documents/GitHub/TDCSG/.lake/packages/aesop:/Users/eric/Documents/GitHub/TDCSG/.lake/packages/aesop:/Users/eric/Documents/GitHub/TDCSG/.lake/packages/proofwidgets:/Users/eric/Documents/GitHub/TDCSG/.lake/packages/proofwidgets:/Users/eric/Documents/GitHub/TDCSG/.lake/packages/importGraph:/Users/eric/Documents/GitHub/TDCSG/.lake/packages/importGraph:/Users/eric/Documents/GitHub/TDCSG/.lake/packages/LeanSearchClient:/Users/eric/Documents/GitHub/TDCSG/.lake/packages/LeanSearchClient:/Users/eric/Documents/GitHub/TDCSG/.lake/packages/plausible:/Users/eric/Documents/GitHub/TDCSG/.lake/packages/plausible:/Users/eric/Documents/GitHub/TDCSG/.lake/packages/MD4Lean:/Users/eric/Documents/GitHub/TDCSG/.lake/packages/MD4Lean:/Users/eric/Documents/GitHub/TDCSG/.lake/packages/BibtexQuery:/Users/eric/Documents/GitHub/TDCSG/.lake/packages/UnicodeBasic:/Users/eric/Documents/GitHub/TDCSG/.lake/packages/UnicodeBasic:/Users/eric/Documents/GitHub/TDCSG/.lake/packages/Cli:/Users/eric/Documents/GitHub/TDCSG/.lake/packages/Cli:/Users/eric/Documents/GitHub/TDCSG/.lake/packages/mathlib:/Users/eric/Documents/GitHub/TDCSG/.lake/packages/mathlib:/Users/eric/Documents/GitHub/TDCSG/.lake/packages/mathlib:/Users/eric/Documents/GitHub/TDCSG/.lake/packages/mathlib:/Users/eric/Documents/GitHub/TDCSG/.lake/packages/mathlib:/Users/eric/Documents/GitHub/TDCSG/.lake/packages/mathlib:/Users/eric/Documents/GitHub/TDCSG/.lake/packages/mathlib:/Users/eric/Documents/GitHub/TDCSG/.lake/packages/doc-gen4:/Users/eric/Documents/GitHub/TDCSG:/Users/eric/.elan/toolchains/leanprover--lean4---v4.24.0/src/lean/lake LEAN_GITHASH=797c613eb9b6d4ec95db23e3e00af9ac6657f24b PATH DYLD_LIBRARY_PATH=/Users/eric/.elan/toolchains/leanprover--lean4---v4.24.0/lib/lean:/Users/eric/.elan/toolchains/leanprover--lean4---v4.24.0/lib:/Users/eric/Documents/GitHub/TDCSG/.lake/build/lib:/Users/eric/Documents/GitHub/TDCSG/.lake/packages/doc-gen4/.lake/build/lib:/Users/eric/Documents/GitHub/TDCSG/.lake/packages/mathlib/.lake/build/lib:/Users/eric/Documents/GitHub/TDCSG/.lake/packages/Cli/.lake/build/lib:/Users/eric/Documents/GitHub/TDCSG/.lake/packages/UnicodeBasic/.lake/build/lib:/Users/eric/Documents/GitHub/TDCSG/.lake/packages/BibtexQuery/.lake/build/lib:/Users/eric/Documents/GitHub/TDCSG/.lake/packages/MD4Lean/.lake/build/lib:/Users/eric/Documents/GitHub/TDCSG/.lake/packages/plausible/.lake/build/lib:/Users/eric/Documents/GitHub/TDCSG/.lake/packages/LeanSearchClient/.lake/build/lib:/Users/eric/Documents/GitHub/TDCSG/.lake/packages/importGraph/.lake/build/lib:/Users/eric/Documents/GitHub/TDCSG/.lake/packages/proofwidgets/.lake/build/lib:/Users/eric/Documents/GitHub/TDCSG/.lake/packages/aesop/.lake/build/lib:/Users/eric/Documents/GitHub/TDCSG/.lake/packages/Qq/.lake/build/lib:/Users/eric/Documents/GitHub/TDCSG/.lake/packages/batteries/.lake/build/lib /Users/eric/Documents/GitHub/TDCSG/.lake/packages/doc-gen4/.lake/build/bin/doc-gen4 single --build /Users/eric/Documents/GitHub/TDCSG/.lake/build Aesop.Frontend.RuleExpr https://github.com/leanprover-community/aesop/blob/725ac8cd67acd70a7beaf47c3725e23484c1ef50/Aesop/Frontend/RuleExpr.lean",
   "level": "trace"}],
 "inputs":
 [["<collection>",
   [["/Users/eric/Documents/GitHub/TDCSG/.lake/build/doc/Aesop/ElabM.html",
     "7496675900990181271"],
    ["/Users/eric/Documents/GitHub/TDCSG/.lake/build/doc/Aesop/Percent.html",
     "9456836332856417594"],
    ["/Users/eric/Documents/GitHub/TDCSG/.lake/build/doc/Aesop/Rule/Name.html",
     "8025842924229420331"],
    ["/Users/eric/Documents/GitHub/TDCSG/.lake/build/doc/Aesop/Builder/Cases.html",
     "2959546551039178690"],
    ["/Users/eric/Documents/GitHub/TDCSG/.lake/build/doc/Aesop/Builder/Default.html",
     "16745831959969383672"],
    ["/Users/eric/Documents/GitHub/TDCSG/.lake/build/doc/Aesop/Builder/Forward.html",
     "4426684320127356398"],
    ["/Users/eric/Documents/GitHub/TDCSG/.lake/build/doc/Aesop/Builder/Unfold.html",
     "1169761439462989199"],
    ["/Users/eric/Documents/GitHub/TDCSG/.lake/build/doc/Aesop/RuleSet/Filter.html",
     "4751655802088040016"]]],
  ["/Users/eric/Documents/GitHub/TDCSG/.lake/build/doc-data/references.json",
   "11893762902049086281"],
  ["/Users/eric/Documents/GitHub/TDCSG/.lake/packages/doc-gen4/.lake/build/bin/doc-gen4",
   "5777005123741435647"],
  ["Aesop.Frontend.RuleExpr:leanArts", "6280818422176949602"]],
 "depHash": "16058750726751814761"}