{"synthetic": false,
 "outputs": null,
 "log":
 [{"message":
   ".> ELAN=elan ELAN_HOME=/Users/eric/.elan ELAN_TOOLCHAIN=leanprover/lean4:v4.24.0 LAKE=/Users/eric/.elan/toolchains/leanprover--lean4---v4.24.0/bin/lake LAKE_HOME=/Users/eric/.elan/toolchains/leanprover--lean4---v4.24.0 LAKE_PKG_URL_MAP={} LAKE_NO_CACHE=false LAKE_ARTIFACT_CACHE=false LAKE_CACHE_DIR=/Users/eric/.elan/toolchains/leanprover--lean4---v4.24.0/lake/cache LEAN=/Users/eric/.elan/toolchains/leanprover--lean4---v4.24.0/bin/lean LEAN_SYSROOT=/Users/eric/.elan/toolchains/leanprover--lean4---v4.24.0 LEAN_AR=/Users/eric/.elan/toolchains/leanprover--lean4---v4.24.0/bin/llvm-ar LEAN_CC= LEAN_PATH=/Users/eric/Documents/GitHub/TDCSG/.lake/packages/batteries/.lake/build/lib/lean:/Users/eric/Documents/GitHub/TDCSG/.lake/packages/Qq/.lake/build/lib/lean:/Users/eric/Documents/GitHub/TDCSG/.lake/packages/aesop/.lake/build/lib/lean:/Users/eric/Documents/GitHub/TDCSG/.lake/packages/proofwidgets/.lake/build/lib/lean:/Users/eric/Documents/GitHub/TDCSG/.lake/packages/importGraph/.lake/build/lib/lean:/Users/eric/Documents/GitHub/TDCSG/.lake/packages/LeanSearchClient/.lake/build/lib/lean:/Users/eric/Documents/GitHub/TDCSG/.lake/packages/plausible/.lake/build/lib/lean:/Users/eric/Documents/GitHub/TDCSG/.lake/packages/MD4Lean/.lake/build/lib/lean:/Users/eric/Documents/GitHub/TDCSG/.lake/packages/BibtexQuery/.lake/build/lib/lean:/Users/eric/Documents/GitHub/TDCSG/.lake/packages/UnicodeBasic/.lake/build/lib/lean:/Users/eric/Documents/GitHub/TDCSG/.lake/packages/Cli/.lake/build/lib/lean:/Users/eric/Documents/GitHub/TDCSG/.lake/packages/mathlib/.lake/build/lib/lean:/Users/eric/Documents/GitHub/TDCSG/.lake/packages/doc-gen4/.lake/build/lib/lean:/Users/eric/Documents/GitHub/TDCSG/.lake/build/lib/lean:/Users/eric/.elan/toolchains/leanprover--lean4---v4.24.0/lib/lean LEAN_SRC_PATH=/Users/eric/Documents/GitHub/TDCSG/.lake/packages/batteries:/Users/eric/Documents/GitHub/TDCSG/.lake/packages/batteries:/Users/eric/Documents/GitHub/TDCSG/.lake/packages/Qq:/Users/eric/Documents/GitHub/TDCSG/.lake/packages/Qq:/Users/eric/Documents/GitHub/TDCSG/.lake/packages/aesop:/Users/eric/Documents/GitHub/TDCSG/.lake/packages/aesop:/Users/eric/Documents/GitHub/TDCSG/.lake/packages/proofwidgets:/Users/eric/Documents/GitHub/TDCSG/.lake/packages/proofwidgets:/Users/eric/Documents/GitHub/TDCSG/.lake/packages/importGraph:/Users/eric/Documents/GitHub/TDCSG/.lake/packages/importGraph:/Users/eric/Documents/GitHub/TDCSG/.lake/packages/LeanSearchClient:/Users/eric/Documents/GitHub/TDCSG/.lake/packages/LeanSearchClient:/Users/eric/Documents/GitHub/TDCSG/.lake/packages/plausible:/Users/eric/Documents/GitHub/TDCSG/.lake/packages/plausible:/Users/eric/Documents/GitHub/TDCSG/.lake/packages/MD4Lean:/Users/eric/Documents/GitHub/TDCSG/.lake/packages/MD4Lean:/Users/eric/Documents/GitHub/TDCSG/.lake/packages/BibtexQuery:/Users/eric/Documents/GitHub/TDCSG/.lake/packages/UnicodeBasic:/Users/eric/Documents/GitHub/TDCSG/.lake/packages/UnicodeBasic:/Users/eric/Documents/GitHub/TDCSG/.lake/packages/Cli:/Users/eric/Documents/GitHub/TDCSG/.lake/packages/Cli:/Users/eric/Documents/GitHub/TDCSG/.lake/packages/mathlib:/Users/eric/Documents/GitHub/TDCSG/.lake/packages/mathlib:/Users/eric/Documents/GitHub/TDCSG/.lake/packages/mathlib:/Users/eric/Documents/GitHub/TDCSG/.lake/packages/mathlib:/Users/eric/Documents/GitHub/TDCSG/.lake/packages/mathlib:/Users/eric/Documents/GitHub/TDCSG/.lake/packages/mathlib:/Users/eric/Documents/GitHub/TDCSG/.lake/packages/mathlib:/Users/eric/Documents/GitHub/TDCSG/.lake/packages/doc-gen4:/Users/eric/Documents/GitHub/TDCSG:/Users/eric/.elan/toolchains/leanprover--lean4---v4.24.0/src/lean/lake LEAN_GITHASH=797c613eb9b6d4ec95db23e3e00af9ac6657f24b PATH DYLD_LIBRARY_PATH=/Users/eric/.elan/toolchains/leanprover--lean4---v4.24.0/lib/lean:/Users/eric/.elan/toolchains/leanprover--lean4---v4.24.0/lib:/Users/eric/Documents/GitHub/TDCSG/.lake/build/lib:/Users/eric/Documents/GitHub/TDCSG/.lake/packages/doc-gen4/.lake/build/lib:/Users/eric/Documents/GitHub/TDCSG/.lake/packages/mathlib/.lake/build/lib:/Users/eric/Documents/GitHub/TDCSG/.lake/packages/Cli/.lake/build/lib:/Users/eric/Documents/GitHub/TDCSG/.lake/packages/UnicodeBasic/.lake/build/lib:/Users/eric/Documents/GitHub/TDCSG/.lake/packages/BibtexQuery/.lake/build/lib:/Users/eric/Documents/GitHub/TDCSG/.lake/packages/MD4Lean/.lake/build/lib:/Users/eric/Documents/GitHub/TDCSG/.lake/packages/plausible/.lake/build/lib:/Users/eric/Documents/GitHub/TDCSG/.lake/packages/LeanSearchClient/.lake/build/lib:/Users/eric/Documents/GitHub/TDCSG/.lake/packages/importGraph/.lake/build/lib:/Users/eric/Documents/GitHub/TDCSG/.lake/packages/proofwidgets/.lake/build/lib:/Users/eric/Documents/GitHub/TDCSG/.lake/packages/aesop/.lake/build/lib:/Users/eric/Documents/GitHub/TDCSG/.lake/packages/Qq/.lake/build/lib:/Users/eric/Documents/GitHub/TDCSG/.lake/packages/batteries/.lake/build/lib /Users/eric/Documents/GitHub/TDCSG/.lake/packages/doc-gen4/.lake/build/bin/doc-gen4 single --build /Users/eric/Documents/GitHub/TDCSG/.lake/build Mathlib.Algebra.BigOperators.Group.List.Basic https://github.com/leanprover-community/mathlib4/blob/0008c2f8ef142f8e3a8d5dc1535bbc24e63244a6/Mathlib/Algebra/BigOperators/Group/List/Basic.lean",
   "level": "trace"}],
 "inputs":
 [["<collection>",
   [["/Users/eric/Documents/GitHub/TDCSG/.lake/build/doc/Mathlib/Algebra/Divisibility/Basic.html",
     "328316070338396621"],
    ["/Users/eric/Documents/GitHub/TDCSG/.lake/build/doc/Mathlib/Algebra/Group/Hom/Defs.html",
     "13298485154832979539"],
    ["/Users/eric/Documents/GitHub/TDCSG/.lake/build/doc/Mathlib/Algebra/BigOperators/Group/List/Defs.html",
     "14122382632195414850"],
    ["/Users/eric/Documents/GitHub/TDCSG/.lake/build/doc/Mathlib/Order/RelClasses.html",
     "8357299283970397552"],
    ["/Users/eric/Documents/GitHub/TDCSG/.lake/build/doc/Mathlib/Data/List/TakeDrop.html",
     "13107977084623546670"],
    ["/Users/eric/Documents/GitHub/TDCSG/.lake/build/doc/Mathlib/Data/List/Forall2.html",
     "15442508055939038779"],
    ["/Users/eric/Documents/GitHub/TDCSG/.lake/build/doc/Mathlib/Data/List/Perm/Basic.html",
     "6557660560899433976"],
    ["/Users/eric/Documents/GitHub/TDCSG/.lake/build/doc/Mathlib/Algebra/Group/Basic.html",
     "8921272284649072912"],
    ["/Users/eric/Documents/GitHub/TDCSG/.lake/build/doc/Mathlib/Algebra/Group/Commute/Defs.html",
     "1867383813390591828"],
    ["/Users/eric/Documents/GitHub/TDCSG/.lake/build/doc/Mathlib/Algebra/Group/Nat/Defs.html",
     "8026498415731652161"],
    ["/Users/eric/Documents/GitHub/TDCSG/.lake/build/doc/Mathlib/Algebra/Group/Int/Defs.html",
     "13904582905399555313"]]],
  ["/Users/eric/Documents/GitHub/TDCSG/.lake/build/doc-data/references.json",
   "11893762902049086281"],
  ["/Users/eric/Documents/GitHub/TDCSG/.lake/packages/doc-gen4/.lake/build/bin/doc-gen4",
   "5777005123741435647"],
  ["Mathlib.Algebra.BigOperators.Group.List.Basic:leanArts",
   "791822096416104469"]],
 "depHash": "3902328751362277298"}