{"synthetic": false,
 "outputs":
 {"o": ["7644008040365504296"],
  "i": "3942137518471309517",
  "c": "5401536889902811644"},
 "log":
 [{"message":
   ".> LEAN_PATH=/Users/eric/Documents/GitHub/TDCSG/.lake/packages/Cli/.lake/build/lib/lean:/Users/eric/Documents/GitHub/TDCSG/.lake/packages/batteries/.lake/build/lib/lean:/Users/eric/Documents/GitHub/TDCSG/.lake/packages/Qq/.lake/build/lib/lean:/Users/eric/Documents/GitHub/TDCSG/.lake/packages/aesop/.lake/build/lib/lean:/Users/eric/Documents/GitHub/TDCSG/.lake/packages/proofwidgets/.lake/build/lib/lean:/Users/eric/Documents/GitHub/TDCSG/.lake/packages/importGraph/.lake/build/lib/lean:/Users/eric/Documents/GitHub/TDCSG/.lake/packages/LeanSearchClient/.lake/build/lib/lean:/Users/eric/Documents/GitHub/TDCSG/.lake/packages/plausible/.lake/build/lib/lean:/Users/eric/Documents/GitHub/TDCSG/.lake/packages/mathlib/.lake/build/lib/lean:/Users/eric/Documents/GitHub/TDCSG/.lake/build/lib/lean /Users/eric/.elan/toolchains/leanprover--lean4---v4.24.0/bin/lean /Users/eric/Documents/GitHub/TDCSG/TDCSG.lean -o /Users/eric/Documents/GitHub/TDCSG/.lake/build/lib/lean/TDCSG.olean -i /Users/eric/Documents/GitHub/TDCSG/.lake/build/lib/lean/TDCSG.ilean -c /Users/eric/Documents/GitHub/TDCSG/.lake/build/ir/TDCSG.c --setup /Users/eric/Documents/GitHub/TDCSG/.lake/build/ir/TDCSG.setup.json --json",
   "level": "trace"}],
 "inputs":
 [["TDCSG:deps",
   [["deps",
     [["TDCSG/TDCSG:extraDep", [["@TDCSG:extraDep", "1723"]]],
      ["imports",
       [["TDCSG.Basic transitive imports (legacy)", "10458409012316680426"],
        ["TDCSG.Basic:importAllArts", "13749762547982371104"],
        ["TDCSG.Properties transitive imports (legacy)", "4542433045911486500"],
        ["TDCSG.Properties:importAllArts", "14786382295713099058"],
        ["TDCSG.Composition transitive imports (legacy)",
         "11350215254620977065"],
        ["TDCSG.Composition:importAllArts", "7882929203238391926"],
        ["TDCSG.MeasurePreserving transitive imports (legacy)",
         "1601505857166854766"],
        ["TDCSG.MeasurePreserving:importAllArts", "5075494776115735159"],
        ["TDCSG.Finite transitive imports (legacy)", "1072011554626084439"],
        ["TDCSG.Finite:importAllArts", "15982932195369980884"],
        ["TDCSG.IntervalExchange transitive imports (legacy)",
         "17943818635772518966"],
        ["TDCSG.IntervalExchange:importAllArts", "14998338067091026369"],
        ["TDCSG.Examples transitive imports (legacy)", "639151531623210309"],
        ["TDCSG.Examples:importAllArts", "12000786864100027945"],
        ["TDCSG.Planar.Rotations transitive imports (legacy)",
         "17201885231490774239"],
        ["TDCSG.Planar.Rotations:importAllArts", "16222767490121881242"],
        ["TDCSG.Planar.Disks transitive imports (legacy)",
         "5848438005256344842"],
        ["TDCSG.Planar.Disks:importAllArts", "8243307371330329032"],
        ["TDCSG.CompoundSymmetry.TwoDisk transitive imports (legacy)",
         "17128298417366917030"],
        ["TDCSG.CompoundSymmetry.TwoDisk:importAllArts", "5808026562131211898"],
        ["TDCSG.CompoundSymmetry.Finiteness transitive imports (legacy)",
         "8680323290365840663"],
        ["TDCSG.CompoundSymmetry.Finiteness:importAllArts",
         "10023420983365567270"],
        ["TDCSG.CompoundSymmetry.GG5.Geometry transitive imports (legacy)",
         "10593011096212953817"],
        ["TDCSG.CompoundSymmetry.GG5.Geometry:importAllArts",
         "5453652871870968989"],
        ["TDCSG.CompoundSymmetry.GG5.SegmentMaps.Main transitive imports (legacy)",
         "15843094805541098771"],
        ["TDCSG.CompoundSymmetry.GG5.SegmentMaps.Main:importAllArts",
         "10590386492738364661"],
        ["TDCSG.CompoundSymmetry.GG5.IET transitive imports (legacy)",
         "3278874392864093597"],
        ["TDCSG.CompoundSymmetry.GG5.IET:importAllArts", "9889234684439302362"],
        ["TDCSG.CompoundSymmetry.GG5.CriticalRadius transitive imports (legacy)",
         "17124612180588463152"],
        ["TDCSG.CompoundSymmetry.GG5.CriticalRadius:importAllArts",
         "14333127784923479914"]]]]],
    ["libs",
     [["import dynlibs", "1723"],
      ["package external libraries", "1723"],
      ["module dynlibs", "1723"],
      ["module plugins", "1723"]]]]],
  ["Lean 4.24.0, commit 797c613eb9b6d4ec95db23e3e00af9ac6657f24b",
   "1165570713881806064"],
  ["/Users/eric/Documents/GitHub/TDCSG/TDCSG.lean", "12180530022453685565"],
  ["options", [["-Dpp.unicode.fun=true", "11210593074386665387"]]],
  ["Module.leanArgs: #[]", "1723"]],
 "depHash": "1719083638983060212"}