{"synthetic": false,
 "outputs": null,
 "log":
 [{"message":
   ".> ELAN=elan ELAN_HOME=/Users/eric/.elan ELAN_TOOLCHAIN=leanprover/lean4:v4.24.0 LAKE=/Users/eric/.elan/toolchains/leanprover--lean4---v4.24.0/bin/lake LAKE_HOME=/Users/eric/.elan/toolchains/leanprover--lean4---v4.24.0 LAKE_PKG_URL_MAP={} LAKE_NO_CACHE=false LAKE_ARTIFACT_CACHE=false LAKE_CACHE_DIR=/Users/eric/.elan/toolchains/leanprover--lean4---v4.24.0/lake/cache LEAN=/Users/eric/.elan/toolchains/leanprover--lean4---v4.24.0/bin/lean LEAN_SYSROOT=/Users/eric/.elan/toolchains/leanprover--lean4---v4.24.0 LEAN_AR=/Users/eric/.elan/toolchains/leanprover--lean4---v4.24.0/bin/llvm-ar LEAN_CC= LEAN_PATH=/Users/eric/Documents/GitHub/TDCSG/.lake/packages/batteries/.lake/build/lib/lean:/Users/eric/Documents/GitHub/TDCSG/.lake/packages/Qq/.lake/build/lib/lean:/Users/eric/Documents/GitHub/TDCSG/.lake/packages/aesop/.lake/build/lib/lean:/Users/eric/Documents/GitHub/TDCSG/.lake/packages/proofwidgets/.lake/build/lib/lean:/Users/eric/Documents/GitHub/TDCSG/.lake/packages/importGraph/.lake/build/lib/lean:/Users/eric/Documents/GitHub/TDCSG/.lake/packages/LeanSearchClient/.lake/build/lib/lean:/Users/eric/Documents/GitHub/TDCSG/.lake/packages/plausible/.lake/build/lib/lean:/Users/eric/Documents/GitHub/TDCSG/.lake/packages/MD4Lean/.lake/build/lib/lean:/Users/eric/Documents/GitHub/TDCSG/.lake/packages/BibtexQuery/.lake/build/lib/lean:/Users/eric/Documents/GitHub/TDCSG/.lake/packages/UnicodeBasic/.lake/build/lib/lean:/Users/eric/Documents/GitHub/TDCSG/.lake/packages/Cli/.lake/build/lib/lean:/Users/eric/Documents/GitHub/TDCSG/.lake/packages/mathlib/.lake/build/lib/lean:/Users/eric/Documents/GitHub/TDCSG/.lake/packages/doc-gen4/.lake/build/lib/lean:/Users/eric/Documents/GitHub/TDCSG/.lake/build/lib/lean:/Users/eric/.elan/toolchains/leanprover--lean4---v4.24.0/lib/lean LEAN_SRC_PATH=/Users/eric/Documents/GitHub/TDCSG/.lake/packages/batteries:/Users/eric/Documents/GitHub/TDCSG/.lake/packages/batteries:/Users/eric/Documents/GitHub/TDCSG/.lake/packages/Qq:/Users/eric/Documents/GitHub/TDCSG/.lake/packages/Qq:/Users/eric/Documents/GitHub/TDCSG/.lake/packages/aesop:/Users/eric/Documents/GitHub/TDCSG/.lake/packages/aesop:/Users/eric/Documents/GitHub/TDCSG/.lake/packages/proofwidgets:/Users/eric/Documents/GitHub/TDCSG/.lake/packages/proofwidgets:/Users/eric/Documents/GitHub/TDCSG/.lake/packages/importGraph:/Users/eric/Documents/GitHub/TDCSG/.lake/packages/importGraph:/Users/eric/Documents/GitHub/TDCSG/.lake/packages/LeanSearchClient:/Users/eric/Documents/GitHub/TDCSG/.lake/packages/LeanSearchClient:/Users/eric/Documents/GitHub/TDCSG/.lake/packages/plausible:/Users/eric/Documents/GitHub/TDCSG/.lake/packages/plausible:/Users/eric/Documents/GitHub/TDCSG/.lake/packages/MD4Lean:/Users/eric/Documents/GitHub/TDCSG/.lake/packages/MD4Lean:/Users/eric/Documents/GitHub/TDCSG/.lake/packages/BibtexQuery:/Users/eric/Documents/GitHub/TDCSG/.lake/packages/UnicodeBasic:/Users/eric/Documents/GitHub/TDCSG/.lake/packages/UnicodeBasic:/Users/eric/Documents/GitHub/TDCSG/.lake/packages/Cli:/Users/eric/Documents/GitHub/TDCSG/.lake/packages/Cli:/Users/eric/Documents/GitHub/TDCSG/.lake/packages/mathlib:/Users/eric/Documents/GitHub/TDCSG/.lake/packages/mathlib:/Users/eric/Documents/GitHub/TDCSG/.lake/packages/mathlib:/Users/eric/Documents/GitHub/TDCSG/.lake/packages/mathlib:/Users/eric/Documents/GitHub/TDCSG/.lake/packages/mathlib:/Users/eric/Documents/GitHub/TDCSG/.lake/packages/mathlib:/Users/eric/Documents/GitHub/TDCSG/.lake/packages/mathlib:/Users/eric/Documents/GitHub/TDCSG/.lake/packages/doc-gen4:/Users/eric/Documents/GitHub/TDCSG:/Users/eric/.elan/toolchains/leanprover--lean4---v4.24.0/src/lean/lake LEAN_GITHASH=797c613eb9b6d4ec95db23e3e00af9ac6657f24b PATH DYLD_LIBRARY_PATH=/Users/eric/.elan/toolchains/leanprover--lean4---v4.24.0/lib/lean:/Users/eric/.elan/toolchains/leanprover--lean4---v4.24.0/lib:/Users/eric/Documents/GitHub/TDCSG/.lake/build/lib:/Users/eric/Documents/GitHub/TDCSG/.lake/packages/doc-gen4/.lake/build/lib:/Users/eric/Documents/GitHub/TDCSG/.lake/packages/mathlib/.lake/build/lib:/Users/eric/Documents/GitHub/TDCSG/.lake/packages/Cli/.lake/build/lib:/Users/eric/Documents/GitHub/TDCSG/.lake/packages/UnicodeBasic/.lake/build/lib:/Users/eric/Documents/GitHub/TDCSG/.lake/packages/BibtexQuery/.lake/build/lib:/Users/eric/Documents/GitHub/TDCSG/.lake/packages/MD4Lean/.lake/build/lib:/Users/eric/Documents/GitHub/TDCSG/.lake/packages/plausible/.lake/build/lib:/Users/eric/Documents/GitHub/TDCSG/.lake/packages/LeanSearchClient/.lake/build/lib:/Users/eric/Documents/GitHub/TDCSG/.lake/packages/importGraph/.lake/build/lib:/Users/eric/Documents/GitHub/TDCSG/.lake/packages/proofwidgets/.lake/build/lib:/Users/eric/Documents/GitHub/TDCSG/.lake/packages/aesop/.lake/build/lib:/Users/eric/Documents/GitHub/TDCSG/.lake/packages/Qq/.lake/build/lib:/Users/eric/Documents/GitHub/TDCSG/.lake/packages/batteries/.lake/build/lib /Users/eric/Documents/GitHub/TDCSG/.lake/packages/doc-gen4/.lake/build/bin/doc-gen4 single --build /Users/eric/Documents/GitHub/TDCSG/.lake/build Mathlib.Algebra.Module.Submodule.Lattice https://github.com/leanprover-community/mathlib4/blob/0008c2f8ef142f8e3a8d5dc1535bbc24e63244a6/Mathlib/Algebra/Module/Submodule/Lattice.lean",
   "level": "trace"}],
 "inputs":
 [["<collection>",
   [["/Users/eric/Documents/GitHub/TDCSG/.lake/build/doc/Mathlib/Algebra/Group/Subgroup/Lattice.html",
     "8595308095548882954"],
    ["/Users/eric/Documents/GitHub/TDCSG/.lake/build/doc/Mathlib/Algebra/Group/Submonoid/Membership.html",
     "17749141841099688951"],
    ["/Users/eric/Documents/GitHub/TDCSG/.lake/build/doc/Mathlib/Algebra/Group/Submonoid/BigOperators.html",
     "16692515470362481333"],
    ["/Users/eric/Documents/GitHub/TDCSG/.lake/build/doc/Mathlib/Algebra/Module/Submodule/Defs.html",
     "13123600016155541353"],
    ["/Users/eric/Documents/GitHub/TDCSG/.lake/build/doc/Mathlib/Algebra/Module/Equiv/Defs.html",
     "1395831900121254836"],
    ["/Users/eric/Documents/GitHub/TDCSG/.lake/build/doc/Mathlib/Algebra/Module/PUnit.html",
     "14132647201712652359"],
    ["/Users/eric/Documents/GitHub/TDCSG/.lake/build/doc/Mathlib/Data/Set/Subsingleton.html",
     "8135032969299859741"],
    ["/Users/eric/Documents/GitHub/TDCSG/.lake/build/doc/Mathlib/Data/Finset/Lattice/Fold.html",
     "7269134030065263382"],
    ["/Users/eric/Documents/GitHub/TDCSG/.lake/build/doc/Mathlib/Order/ConditionallyCompleteLattice/Basic.html",
     "1712609806117592096"]]],
  ["/Users/eric/Documents/GitHub/TDCSG/.lake/build/doc-data/references.json",
   "11893762902049086281"],
  ["/Users/eric/Documents/GitHub/TDCSG/.lake/packages/doc-gen4/.lake/build/bin/doc-gen4",
   "5777005123741435647"],
  ["Mathlib.Algebra.Module.Submodule.Lattice:leanArts",
   "16936193833219591862"]],
 "depHash": "2384410078340377484"}