{"synthetic": false,
 "outputs": null,
 "log":
 [{"message": "Documentation indexing", "level": "info"},
  {"message":
   ".> /Users/eric/Documents/GitHub/TDCSG/.lake/packages/doc-gen4/.lake/build/bin/doc-gen4 index --build /Users/eric/Documents/GitHub/TDCSG/.lake/build",
   "level": "trace"}],
 "inputs":
 [["/Users/eric/Documents/GitHub/TDCSG/.lake/packages/doc-gen4/.lake/build/bin/doc-gen4",
   "5777005123741435647"],
  ["<nil>", "6748611221465965550"],
  ["<collection>",
   [["/Users/eric/Documents/GitHub/TDCSG/.lake/build/doc/TDCSG/Basic.html",
     "4705985433943548603"],
    ["/Users/eric/Documents/GitHub/TDCSG/.lake/build/doc/TDCSG/Properties.html",
     "17545940584374409602"],
    ["/Users/eric/Documents/GitHub/TDCSG/.lake/build/doc/TDCSG/Composition.html",
     "16330103576745237620"],
    ["/Users/eric/Documents/GitHub/TDCSG/.lake/build/doc/TDCSG/MeasurePreserving.html",
     "6925672394567646955"],
    ["/Users/eric/Documents/GitHub/TDCSG/.lake/build/doc/TDCSG/Finite.html",
     "11612805713655133322"],
    ["/Users/eric/Documents/GitHub/TDCSG/.lake/build/doc/TDCSG/IntervalExchange.html",
     "8444571919614385494"],
    ["/Users/eric/Documents/GitHub/TDCSG/.lake/build/doc/TDCSG/Examples.html",
     "18069880877650276688"],
    ["/Users/eric/Documents/GitHub/TDCSG/.lake/build/doc/TDCSG/Planar/Rotations.html",
     "5288991140513092075"],
    ["/Users/eric/Documents/GitHub/TDCSG/.lake/build/doc/TDCSG/Planar/Disks.html",
     "4569304888438530953"],
    ["/Users/eric/Documents/GitHub/TDCSG/.lake/build/doc/TDCSG/CompoundSymmetry/TwoDisk.html",
     "9230939890402153191"],
    ["/Users/eric/Documents/GitHub/TDCSG/.lake/build/doc/TDCSG/CompoundSymmetry/Finiteness.html",
     "14351861688507307742"],
    ["/Users/eric/Documents/GitHub/TDCSG/.lake/build/doc/TDCSG/CompoundSymmetry/GG5/IET.html",
     "10637221997545304191"],
    ["/Users/eric/Documents/GitHub/TDCSG/.lake/build/doc/TDCSG/CompoundSymmetry/GG5/OrbitInfinite.html",
     "2644044070064687821"],
    ["/Users/eric/Documents/GitHub/TDCSG/.lake/build/doc/TDCSG/CompoundSymmetry/GG5/Geometry.html",
     "12668947380275810625"],
    ["/Users/eric/Documents/GitHub/TDCSG/.lake/build/doc/TDCSG/CompoundSymmetry/GG5/SegmentMaps/Generators.html",
     "17053694827305726248"],
    ["/Users/eric/Documents/GitHub/TDCSG/.lake/build/doc/TDCSG/CompoundSymmetry/GG5/SegmentMaps/DiskPreservation.html",
     "8485344563553482576"],
    ["/Users/eric/Documents/GitHub/TDCSG/.lake/build/doc/TDCSG/CompoundSymmetry/GG5/SegmentMaps/Maps.html",
     "16484858100538106260"],
    ["/Users/eric/Documents/GitHub/TDCSG/.lake/build/doc/TDCSG/CompoundSymmetry/GG5/SegmentMaps/Isometries.html",
     "7823437039416937022"],
    ["/Users/eric/Documents/GitHub/TDCSG/.lake/build/doc/TDCSG/CompoundSymmetry/GG5/SegmentMaps/Main.html",
     "9739792198351904639"],
    ["/Users/eric/Documents/GitHub/TDCSG/.lake/build/doc/TDCSG/CompoundSymmetry/GG5/CriticalRadius.html",
     "6348043317993843485"],
    ["/Users/eric/Documents/GitHub/TDCSG/.lake/build/doc/TDCSG.html",
     "1306420748467877283"]]]],
 "depHash": "5931212204404498924"}