{"synthetic": false,
 "outputs":
 {"o": ["3818390665544671952"],
  "i": "13157172922312910358",
  "c": "5102513750814188654"},
 "log":
 [{"message":
   ".> LEAN_PATH=/Users/eric/Documents/GitHub/TDCSG/.lake/packages/Cli/.lake/build/lib/lean:/Users/eric/Documents/GitHub/TDCSG/.lake/packages/batteries/.lake/build/lib/lean:/Users/eric/Documents/GitHub/TDCSG/.lake/packages/Qq/.lake/build/lib/lean:/Users/eric/Documents/GitHub/TDCSG/.lake/packages/aesop/.lake/build/lib/lean:/Users/eric/Documents/GitHub/TDCSG/.lake/packages/proofwidgets/.lake/build/lib/lean:/Users/eric/Documents/GitHub/TDCSG/.lake/packages/importGraph/.lake/build/lib/lean:/Users/eric/Documents/GitHub/TDCSG/.lake/packages/LeanSearchClient/.lake/build/lib/lean:/Users/eric/Documents/GitHub/TDCSG/.lake/packages/plausible/.lake/build/lib/lean:/Users/eric/Documents/GitHub/TDCSG/.lake/packages/mathlib/.lake/build/lib/lean:/Users/eric/Documents/GitHub/TDCSG/.lake/build/lib/lean /Users/eric/.elan/toolchains/leanprover--lean4---v4.24.0/bin/lean /Users/eric/Documents/GitHub/TDCSG/TDCSG/Planar/Disks.lean -o /Users/eric/Documents/GitHub/TDCSG/.lake/build/lib/lean/TDCSG/Planar/Disks.olean -i /Users/eric/Documents/GitHub/TDCSG/.lake/build/lib/lean/TDCSG/Planar/Disks.ilean -c /Users/eric/Documents/GitHub/TDCSG/.lake/build/ir/TDCSG/Planar/Disks.c --setup /Users/eric/Documents/GitHub/TDCSG/.lake/build/ir/TDCSG/Planar/Disks.setup.json --json",
   "level": "trace"}],
 "inputs":
 [["TDCSG.Planar.Disks:deps",
   [["deps",
     [["TDCSG/TDCSG:extraDep", [["@TDCSG:extraDep", "1723"]]],
      ["imports",
       [["Mathlib.Topology.MetricSpace.Pseudo.Defs transitive imports (legacy)",
         "12046927803448696305"],
        ["Mathlib.Topology.MetricSpace.Pseudo.Defs:importAllArts",
         "9692061765554869634"],
        ["Mathlib.Topology.MetricSpace.Basic transitive imports (legacy)",
         "14784727637581436059"],
        ["Mathlib.Topology.MetricSpace.Basic:importAllArts",
         "13438413759639206406"],
        ["Mathlib.MeasureTheory.Constructions.BorelSpace.Basic transitive imports (legacy)",
         "2712734012315085440"],
        ["Mathlib.MeasureTheory.Constructions.BorelSpace.Basic:importAllArts",
         "18267130554999825604"],
        ["Mathlib.MeasureTheory.Measure.Haar.OfBasis transitive imports (legacy)",
         "8624678298292640419"],
        ["Mathlib.MeasureTheory.Measure.Haar.OfBasis:importAllArts",
         "3379890701187099841"],
        ["TDCSG.Planar.Rotations transitive imports (legacy)",
         "17201885231490774239"],
        ["TDCSG.Planar.Rotations:importAllArts", "16222767490121881242"]]]]],
    ["libs",
     [["import dynlibs", "1723"],
      ["package external libraries", "1723"],
      ["module dynlibs", "1723"],
      ["module plugins", "1723"]]]]],
  ["Lean 4.24.0, commit 797c613eb9b6d4ec95db23e3e00af9ac6657f24b",
   "1165570713881806064"],
  ["/Users/eric/Documents/GitHub/TDCSG/TDCSG/Planar/Disks.lean",
   "5128474874826307357"],
  ["options", [["-Dpp.unicode.fun=true", "11210593074386665387"]]],
  ["Module.leanArgs: #[]", "1723"]],
 "depHash": "17935896811744181549"}