{"synthetic": false,
 "outputs":
 {"o": ["4480312988407146932"],
  "i": "7020106306201301957",
  "c": "13513599894345632453"},
 "log":
 [{"message":
   ".> LEAN_PATH=/Users/eric/Documents/GitHub/TDCSG/.lake/packages/Cli/.lake/build/lib/lean:/Users/eric/Documents/GitHub/TDCSG/.lake/packages/batteries/.lake/build/lib/lean:/Users/eric/Documents/GitHub/TDCSG/.lake/packages/Qq/.lake/build/lib/lean:/Users/eric/Documents/GitHub/TDCSG/.lake/packages/aesop/.lake/build/lib/lean:/Users/eric/Documents/GitHub/TDCSG/.lake/packages/proofwidgets/.lake/build/lib/lean:/Users/eric/Documents/GitHub/TDCSG/.lake/packages/importGraph/.lake/build/lib/lean:/Users/eric/Documents/GitHub/TDCSG/.lake/packages/LeanSearchClient/.lake/build/lib/lean:/Users/eric/Documents/GitHub/TDCSG/.lake/packages/plausible/.lake/build/lib/lean:/Users/eric/Documents/GitHub/TDCSG/.lake/packages/mathlib/.lake/build/lib/lean:/Users/eric/Documents/GitHub/TDCSG/.lake/build/lib/lean /Users/eric/.elan/toolchains/leanprover--lean4---v4.24.0/bin/lean /Users/eric/Documents/GitHub/TDCSG/TDCSG/Planar/Rotations.lean -o /Users/eric/Documents/GitHub/TDCSG/.lake/build/lib/lean/TDCSG/Planar/Rotations.olean -i /Users/eric/Documents/GitHub/TDCSG/.lake/build/lib/lean/TDCSG/Planar/Rotations.ilean -c /Users/eric/Documents/GitHub/TDCSG/.lake/build/ir/TDCSG/Planar/Rotations.c --setup /Users/eric/Documents/GitHub/TDCSG/.lake/build/ir/TDCSG/Planar/Rotations.setup.json --json",
   "level": "trace"}],
 "inputs":
 [["TDCSG.Planar.Rotations:deps",
   [["deps",
     [["TDCSG/TDCSG:extraDep", [["@TDCSG:extraDep", "1723"]]],
      ["imports",
       [["Mathlib.Analysis.InnerProductSpace.PiL2 transitive imports (legacy)",
         "6871004246628049570"],
        ["Mathlib.Analysis.InnerProductSpace.PiL2:importAllArts",
         "8862169927713307610"],
        ["Mathlib.Geometry.Euclidean.Angle.Oriented.Basic transitive imports (legacy)",
         "311798088269297377"],
        ["Mathlib.Geometry.Euclidean.Angle.Oriented.Basic:importAllArts",
         "18378024759782071093"],
        ["Mathlib.Geometry.Euclidean.Angle.Oriented.Rotation transitive imports (legacy)",
         "7193375431810493740"],
        ["Mathlib.Geometry.Euclidean.Angle.Oriented.Rotation:importAllArts",
         "1531291879925777992"],
        ["Mathlib.LinearAlgebra.Orientation transitive imports (legacy)",
         "4164244319937857744"],
        ["Mathlib.LinearAlgebra.Orientation:importAllArts",
         "11447833749684068176"]]]]],
    ["libs",
     [["import dynlibs", "1723"],
      ["package external libraries", "1723"],
      ["module dynlibs", "1723"],
      ["module plugins", "1723"]]]]],
  ["Lean 4.24.0, commit 797c613eb9b6d4ec95db23e3e00af9ac6657f24b",
   "1165570713881806064"],
  ["/Users/eric/Documents/GitHub/TDCSG/TDCSG/Planar/Rotations.lean",
   "244961264133208408"],
  ["options", [["-Dpp.unicode.fun=true", "11210593074386665387"]]],
  ["Module.leanArgs: #[]", "1723"]],
 "depHash": "16870510371730901542"}