{"synthetic": false,
 "outputs":
 {"o": ["12833726576703646767"],
  "i": "12370447631706465793",
  "c": "17726207233638117381"},
 "log":
 [{"message":
   ".> LEAN_PATH=/Users/eric/Documents/GitHub/TDCSG/.lake/packages/Cli/.lake/build/lib/lean:/Users/eric/Documents/GitHub/TDCSG/.lake/packages/batteries/.lake/build/lib/lean:/Users/eric/Documents/GitHub/TDCSG/.lake/packages/Qq/.lake/build/lib/lean:/Users/eric/Documents/GitHub/TDCSG/.lake/packages/aesop/.lake/build/lib/lean:/Users/eric/Documents/GitHub/TDCSG/.lake/packages/proofwidgets/.lake/build/lib/lean:/Users/eric/Documents/GitHub/TDCSG/.lake/packages/importGraph/.lake/build/lib/lean:/Users/eric/Documents/GitHub/TDCSG/.lake/packages/LeanSearchClient/.lake/build/lib/lean:/Users/eric/Documents/GitHub/TDCSG/.lake/packages/plausible/.lake/build/lib/lean:/Users/eric/Documents/GitHub/TDCSG/.lake/packages/mathlib/.lake/build/lib/lean:/Users/eric/Documents/GitHub/TDCSG/.lake/build/lib/lean /Users/eric/.elan/toolchains/leanprover--lean4---v4.24.0/bin/lean /Users/eric/Documents/GitHub/TDCSG/TDCSG/CompoundSymmetry/GG5/SegmentMaps/DiskPreservation.lean -o /Users/eric/Documents/GitHub/TDCSG/.lake/build/lib/lean/TDCSG/CompoundSymmetry/GG5/SegmentMaps/DiskPreservation.olean -i /Users/eric/Documents/GitHub/TDCSG/.lake/build/lib/lean/TDCSG/CompoundSymmetry/GG5/SegmentMaps/DiskPreservation.ilean -c /Users/eric/Documents/GitHub/TDCSG/.lake/build/ir/TDCSG/CompoundSymmetry/GG5/SegmentMaps/DiskPreservation.c --setup /Users/eric/Documents/GitHub/TDCSG/.lake/build/ir/TDCSG/CompoundSymmetry/GG5/SegmentMaps/DiskPreservation.setup.json --json",
   "level": "trace"}],
 "inputs":
 [["TDCSG.CompoundSymmetry.GG5.SegmentMaps.DiskPreservation:deps",
   [["deps",
     [["TDCSG/TDCSG:extraDep", [["@TDCSG:extraDep", "1723"]]],
      ["imports",
       [["TDCSG.CompoundSymmetry.GG5.SegmentMaps.Generators transitive imports (legacy)",
         "3560561737595378639"],
        ["TDCSG.CompoundSymmetry.GG5.SegmentMaps.Generators:importAllArts",
         "18213461403345261207"]]]]],
    ["libs",
     [["import dynlibs", "1723"],
      ["package external libraries", "1723"],
      ["module dynlibs", "1723"],
      ["module plugins", "1723"]]]]],
  ["Lean 4.24.0, commit 797c613eb9b6d4ec95db23e3e00af9ac6657f24b",
   "1165570713881806064"],
  ["/Users/eric/Documents/GitHub/TDCSG/TDCSG/CompoundSymmetry/GG5/SegmentMaps/DiskPreservation.lean",
   "15129503069307957023"],
  ["options", [["-Dpp.unicode.fun=true", "11210593074386665387"]]],
  ["Module.leanArgs: #[]", "1723"]],
 "depHash": "9216055775840942646"}