{"synthetic": false,
 "outputs":
 {"o": ["17807178070817930531"],
  "i": "2963382914979719696",
  "c": "2565717977205813263"},
 "log":
 [{"message":
   ".> LEAN_PATH=/Users/eric/Documents/GitHub/TDCSG/.lake/packages/Cli/.lake/build/lib/lean:/Users/eric/Documents/GitHub/TDCSG/.lake/packages/batteries/.lake/build/lib/lean:/Users/eric/Documents/GitHub/TDCSG/.lake/packages/Qq/.lake/build/lib/lean:/Users/eric/Documents/GitHub/TDCSG/.lake/packages/aesop/.lake/build/lib/lean:/Users/eric/Documents/GitHub/TDCSG/.lake/packages/proofwidgets/.lake/build/lib/lean:/Users/eric/Documents/GitHub/TDCSG/.lake/packages/importGraph/.lake/build/lib/lean:/Users/eric/Documents/GitHub/TDCSG/.lake/packages/LeanSearchClient/.lake/build/lib/lean:/Users/eric/Documents/GitHub/TDCSG/.lake/packages/plausible/.lake/build/lib/lean:/Users/eric/Documents/GitHub/TDCSG/.lake/packages/mathlib/.lake/build/lib/lean:/Users/eric/Documents/GitHub/TDCSG/.lake/build/lib/lean /Users/eric/.elan/toolchains/leanprover--lean4---v4.24.0/bin/lean /Users/eric/Documents/GitHub/TDCSG/TDCSG/CompoundSymmetry/GG5/SegmentMaps/Main.lean -o /Users/eric/Documents/GitHub/TDCSG/.lake/build/lib/lean/TDCSG/CompoundSymmetry/GG5/SegmentMaps/Main.olean -i /Users/eric/Documents/GitHub/TDCSG/.lake/build/lib/lean/TDCSG/CompoundSymmetry/GG5/SegmentMaps/Main.ilean -c /Users/eric/Documents/GitHub/TDCSG/.lake/build/ir/TDCSG/CompoundSymmetry/GG5/SegmentMaps/Main.c --setup /Users/eric/Documents/GitHub/TDCSG/.lake/build/ir/TDCSG/CompoundSymmetry/GG5/SegmentMaps/Main.setup.json --json",
   "level": "trace"}],
 "inputs":
 [["TDCSG.CompoundSymmetry.GG5.SegmentMaps.Main:deps",
   [["deps",
     [["TDCSG/TDCSG:extraDep", [["@TDCSG:extraDep", "1723"]]],
      ["imports",
       [["TDCSG.CompoundSymmetry.GG5.SegmentMaps.Generators transitive imports (legacy)",
         "3560561737595378639"],
        ["TDCSG.CompoundSymmetry.GG5.SegmentMaps.Generators:importAllArts",
         "18213461403345261207"],
        ["TDCSG.CompoundSymmetry.GG5.SegmentMaps.DiskPreservation transitive imports (legacy)",
         "4271285740869367315"],
        ["TDCSG.CompoundSymmetry.GG5.SegmentMaps.DiskPreservation:importAllArts",
         "2680724964503862068"],
        ["TDCSG.CompoundSymmetry.GG5.SegmentMaps.Maps transitive imports (legacy)",
         "17443766126163579113"],
        ["TDCSG.CompoundSymmetry.GG5.SegmentMaps.Maps:importAllArts",
         "13664043882701776910"],
        ["TDCSG.CompoundSymmetry.GG5.SegmentMaps.Isometries transitive imports (legacy)",
         "15831781201677762046"],
        ["TDCSG.CompoundSymmetry.GG5.SegmentMaps.Isometries:importAllArts",
         "1466329932243216642"],
        ["TDCSG.CompoundSymmetry.GG5.OrbitInfinite transitive imports (legacy)",
         "1786044446777587770"],
        ["TDCSG.CompoundSymmetry.GG5.OrbitInfinite:importAllArts",
         "752611817167531132"]]]]],
    ["libs",
     [["import dynlibs", "1723"],
      ["package external libraries", "1723"],
      ["module dynlibs", "1723"],
      ["module plugins", "1723"]]]]],
  ["Lean 4.24.0, commit 797c613eb9b6d4ec95db23e3e00af9ac6657f24b",
   "1165570713881806064"],
  ["/Users/eric/Documents/GitHub/TDCSG/TDCSG/CompoundSymmetry/GG5/SegmentMaps/Main.lean",
   "1546900542045871686"],
  ["options", [["-Dpp.unicode.fun=true", "11210593074386665387"]]],
  ["Module.leanArgs: #[]", "1723"]],
 "depHash": "15513956149861707501"}