{"synthetic": false,
 "outputs":
 {"o": ["18371535062019015891"],
  "i": "5559899496982056294",
  "c": "10507323666862343270"},
 "log":
 [{"message":
   ".> LEAN_PATH=/Users/eric/Documents/GitHub/TDCSG/.lake/packages/Cli/.lake/build/lib/lean:/Users/eric/Documents/GitHub/TDCSG/.lake/packages/batteries/.lake/build/lib/lean:/Users/eric/Documents/GitHub/TDCSG/.lake/packages/Qq/.lake/build/lib/lean:/Users/eric/Documents/GitHub/TDCSG/.lake/packages/aesop/.lake/build/lib/lean:/Users/eric/Documents/GitHub/TDCSG/.lake/packages/proofwidgets/.lake/build/lib/lean:/Users/eric/Documents/GitHub/TDCSG/.lake/packages/importGraph/.lake/build/lib/lean:/Users/eric/Documents/GitHub/TDCSG/.lake/packages/LeanSearchClient/.lake/build/lib/lean:/Users/eric/Documents/GitHub/TDCSG/.lake/packages/plausible/.lake/build/lib/lean:/Users/eric/Documents/GitHub/TDCSG/.lake/packages/mathlib/.lake/build/lib/lean:/Users/eric/Documents/GitHub/TDCSG/.lake/build/lib/lean /Users/eric/.elan/toolchains/leanprover--lean4---v4.24.0/bin/lean /Users/eric/Documents/GitHub/TDCSG/TDCSG/CompoundSymmetry/GG5/SegmentMaps/Map1Helpers.lean -o /Users/eric/Documents/GitHub/TDCSG/.lake/build/lib/lean/TDCSG/CompoundSymmetry/GG5/SegmentMaps/Map1Helpers.olean -i /Users/eric/Documents/GitHub/TDCSG/.lake/build/lib/lean/TDCSG/CompoundSymmetry/GG5/SegmentMaps/Map1Helpers.ilean -c /Users/eric/Documents/GitHub/TDCSG/.lake/build/ir/TDCSG/CompoundSymmetry/GG5/SegmentMaps/Map1Helpers.c --setup /Users/eric/Documents/GitHub/TDCSG/.lake/build/ir/TDCSG/CompoundSymmetry/GG5/SegmentMaps/Map1Helpers.setup.json --json",
   "level": "trace"}],
 "inputs":
 [["TDCSG.CompoundSymmetry.GG5.SegmentMaps.Map1Helpers:deps",
   [["deps",
     [["TDCSG/TDCSG:extraDep", [["@TDCSG:extraDep", "1723"]]],
      ["imports",
       [["TDCSG.CompoundSymmetry.GG5.SegmentMaps.Maps transitive imports (legacy)",
         "8471673526421297085"],
        ["TDCSG.CompoundSymmetry.GG5.SegmentMaps.Maps:importAllArts",
         "3814793006678384856"]]]]],
    ["libs",
     [["import dynlibs", "1723"],
      ["package external libraries", "1723"],
      ["module dynlibs", "1723"],
      ["module plugins", "1723"]]]]],
  ["Lean 4.24.0, commit 797c613eb9b6d4ec95db23e3e00af9ac6657f24b",
   "1165570713881806064"],
  ["/Users/eric/Documents/GitHub/TDCSG/TDCSG/CompoundSymmetry/GG5/SegmentMaps/Map1Helpers.lean",
   "11078836917021738360"],
  ["options", [["-Dpp.unicode.fun=true", "11210593074386665387"]]],
  ["Module.leanArgs: #[]", "1723"]],
 "depHash": "4415446539125844720"}