{"synthetic": false,
 "outputs":
 {"o": ["15380803422484730173"],
  "i": "11799791290504569378",
  "c": "6203448637795461437"},
 "log":
 [{"message":
   ".> LEAN_PATH=/Users/eric/Documents/GitHub/TDCSG/.lake/packages/Cli/.lake/build/lib/lean:/Users/eric/Documents/GitHub/TDCSG/.lake/packages/batteries/.lake/build/lib/lean:/Users/eric/Documents/GitHub/TDCSG/.lake/packages/Qq/.lake/build/lib/lean:/Users/eric/Documents/GitHub/TDCSG/.lake/packages/aesop/.lake/build/lib/lean:/Users/eric/Documents/GitHub/TDCSG/.lake/packages/proofwidgets/.lake/build/lib/lean:/Users/eric/Documents/GitHub/TDCSG/.lake/packages/importGraph/.lake/build/lib/lean:/Users/eric/Documents/GitHub/TDCSG/.lake/packages/LeanSearchClient/.lake/build/lib/lean:/Users/eric/Documents/GitHub/TDCSG/.lake/packages/plausible/.lake/build/lib/lean:/Users/eric/Documents/GitHub/TDCSG/.lake/packages/mathlib/.lake/build/lib/lean:/Users/eric/Documents/GitHub/TDCSG/.lake/build/lib/lean /Users/eric/.elan/toolchains/leanprover--lean4---v4.24.0/bin/lean /Users/eric/Documents/GitHub/TDCSG/TDCSG/CompoundSymmetry/GG5/SegmentMaps/Maps.lean -o /Users/eric/Documents/GitHub/TDCSG/.lake/build/lib/lean/TDCSG/CompoundSymmetry/GG5/SegmentMaps/Maps.olean -i /Users/eric/Documents/GitHub/TDCSG/.lake/build/lib/lean/TDCSG/CompoundSymmetry/GG5/SegmentMaps/Maps.ilean -c /Users/eric/Documents/GitHub/TDCSG/.lake/build/ir/TDCSG/CompoundSymmetry/GG5/SegmentMaps/Maps.c --setup /Users/eric/Documents/GitHub/TDCSG/.lake/build/ir/TDCSG/CompoundSymmetry/GG5/SegmentMaps/Maps.setup.json --json",
   "level": "trace"}],
 "inputs":
 [["TDCSG.CompoundSymmetry.GG5.SegmentMaps.Maps:deps",
   [["deps",
     [["TDCSG/TDCSG:extraDep", [["@TDCSG:extraDep", "1723"]]],
      ["imports",
       [["TDCSG.CompoundSymmetry.GG5.SegmentMaps.Generators transitive imports (legacy)",
         "3560561737595378639"],
        ["TDCSG.CompoundSymmetry.GG5.SegmentMaps.Generators:importAllArts",
         "18213461403345261207"],
        ["TDCSG.CompoundSymmetry.GG5.SegmentMaps.DiskPreservation transitive imports (legacy)",
         "4271285740869367315"],
        ["TDCSG.CompoundSymmetry.GG5.SegmentMaps.DiskPreservation:importAllArts",
         "2680724964503862068"],
        ["Mathlib.Analysis.Normed.Affine.Convex transitive imports (legacy)",
         "15495136804566476766"],
        ["Mathlib.Analysis.Normed.Affine.Convex:importAllArts",
         "14501353697849742843"],
        ["Mathlib.Analysis.Convex.Between transitive imports (legacy)",
         "7814833401518530245"],
        ["Mathlib.Analysis.Convex.Between:importAllArts",
         "14165991419851781640"],
        ["Mathlib.Analysis.Convex.StrictConvexBetween transitive imports (legacy)",
         "13762757034439454506"],
        ["Mathlib.Analysis.Convex.StrictConvexBetween:importAllArts",
         "13249904078234521040"],
        ["Mathlib.Analysis.InnerProductSpace.Convex transitive imports (legacy)",
         "7733988332157711125"],
        ["Mathlib.Analysis.InnerProductSpace.Convex:importAllArts",
         "10720449738173732643"]]]]],
    ["libs",
     [["import dynlibs", "1723"],
      ["package external libraries", "1723"],
      ["module dynlibs", "1723"],
      ["module plugins", "1723"]]]]],
  ["Lean 4.24.0, commit 797c613eb9b6d4ec95db23e3e00af9ac6657f24b",
   "1165570713881806064"],
  ["/Users/eric/Documents/GitHub/TDCSG/TDCSG/CompoundSymmetry/GG5/SegmentMaps/Maps.lean",
   "9344449097827109414"],
  ["options", [["-Dpp.unicode.fun=true", "11210593074386665387"]]],
  ["Module.leanArgs: #[]", "1723"]],
 "depHash": "9676966401647271060"}