{"synthetic": false,
 "outputs": null,
 "log":
 [{"message":
   ".> ELAN=elan ELAN_HOME=/Users/eric/.elan ELAN_TOOLCHAIN=leanprover/lean4:v4.24.0 LAKE=/Users/eric/.elan/toolchains/leanprover--lean4---v4.24.0/bin/lake LAKE_HOME=/Users/eric/.elan/toolchains/leanprover--lean4---v4.24.0 LAKE_PKG_URL_MAP={} LAKE_NO_CACHE=false LAKE_ARTIFACT_CACHE=false LAKE_CACHE_DIR=/Users/eric/.elan/toolchains/leanprover--lean4---v4.24.0/lake/cache LEAN=/Users/eric/.elan/toolchains/leanprover--lean4---v4.24.0/bin/lean LEAN_SYSROOT=/Users/eric/.elan/toolchains/leanprover--lean4---v4.24.0 LEAN_AR=/Users/eric/.elan/toolchains/leanprover--lean4---v4.24.0/bin/llvm-ar LEAN_CC= LEAN_PATH=/Users/eric/Documents/GitHub/TDCSG/.lake/packages/batteries/.lake/build/lib/lean:/Users/eric/Documents/GitHub/TDCSG/.lake/packages/Qq/.lake/build/lib/lean:/Users/eric/Documents/GitHub/TDCSG/.lake/packages/aesop/.lake/build/lib/lean:/Users/eric/Documents/GitHub/TDCSG/.lake/packages/proofwidgets/.lake/build/lib/lean:/Users/eric/Documents/GitHub/TDCSG/.lake/packages/importGraph/.lake/build/lib/lean:/Users/eric/Documents/GitHub/TDCSG/.lake/packages/LeanSearchClient/.lake/build/lib/lean:/Users/eric/Documents/GitHub/TDCSG/.lake/packages/plausible/.lake/build/lib/lean:/Users/eric/Documents/GitHub/TDCSG/.lake/packages/MD4Lean/.lake/build/lib/lean:/Users/eric/Documents/GitHub/TDCSG/.lake/packages/BibtexQuery/.lake/build/lib/lean:/Users/eric/Documents/GitHub/TDCSG/.lake/packages/UnicodeBasic/.lake/build/lib/lean:/Users/eric/Documents/GitHub/TDCSG/.lake/packages/Cli/.lake/build/lib/lean:/Users/eric/Documents/GitHub/TDCSG/.lake/packages/mathlib/.lake/build/lib/lean:/Users/eric/Documents/GitHub/TDCSG/.lake/packages/doc-gen4/.lake/build/lib/lean:/Users/eric/Documents/GitHub/TDCSG/.lake/build/lib/lean:/Users/eric/.elan/toolchains/leanprover--lean4---v4.24.0/lib/lean LEAN_SRC_PATH=/Users/eric/Documents/GitHub/TDCSG/.lake/packages/batteries:/Users/eric/Documents/GitHub/TDCSG/.lake/packages/batteries:/Users/eric/Documents/GitHub/TDCSG/.lake/packages/Qq:/Users/eric/Documents/GitHub/TDCSG/.lake/packages/Qq:/Users/eric/Documents/GitHub/TDCSG/.lake/packages/aesop:/Users/eric/Documents/GitHub/TDCSG/.lake/packages/aesop:/Users/eric/Documents/GitHub/TDCSG/.lake/packages/proofwidgets:/Users/eric/Documents/GitHub/TDCSG/.lake/packages/proofwidgets:/Users/eric/Documents/GitHub/TDCSG/.lake/packages/importGraph:/Users/eric/Documents/GitHub/TDCSG/.lake/packages/importGraph:/Users/eric/Documents/GitHub/TDCSG/.lake/packages/LeanSearchClient:/Users/eric/Documents/GitHub/TDCSG/.lake/packages/LeanSearchClient:/Users/eric/Documents/GitHub/TDCSG/.lake/packages/plausible:/Users/eric/Documents/GitHub/TDCSG/.lake/packages/plausible:/Users/eric/Documents/GitHub/TDCSG/.lake/packages/MD4Lean:/Users/eric/Documents/GitHub/TDCSG/.lake/packages/MD4Lean:/Users/eric/Documents/GitHub/TDCSG/.lake/packages/BibtexQuery:/Users/eric/Documents/GitHub/TDCSG/.lake/packages/UnicodeBasic:/Users/eric/Documents/GitHub/TDCSG/.lake/packages/UnicodeBasic:/Users/eric/Documents/GitHub/TDCSG/.lake/packages/Cli:/Users/eric/Documents/GitHub/TDCSG/.lake/packages/Cli:/Users/eric/Documents/GitHub/TDCSG/.lake/packages/mathlib:/Users/eric/Documents/GitHub/TDCSG/.lake/packages/mathlib:/Users/eric/Documents/GitHub/TDCSG/.lake/packages/mathlib:/Users/eric/Documents/GitHub/TDCSG/.lake/packages/mathlib:/Users/eric/Documents/GitHub/TDCSG/.lake/packages/mathlib:/Users/eric/Documents/GitHub/TDCSG/.lake/packages/mathlib:/Users/eric/Documents/GitHub/TDCSG/.lake/packages/mathlib:/Users/eric/Documents/GitHub/TDCSG/.lake/packages/doc-gen4:/Users/eric/Documents/GitHub/TDCSG:/Users/eric/.elan/toolchains/leanprover--lean4---v4.24.0/src/lean/lake LEAN_GITHASH=797c613eb9b6d4ec95db23e3e00af9ac6657f24b PATH DYLD_LIBRARY_PATH=/Users/eric/.elan/toolchains/leanprover--lean4---v4.24.0/lib/lean:/Users/eric/.elan/toolchains/leanprover--lean4---v4.24.0/lib:/Users/eric/Documents/GitHub/TDCSG/.lake/build/lib:/Users/eric/Documents/GitHub/TDCSG/.lake/packages/doc-gen4/.lake/build/lib:/Users/eric/Documents/GitHub/TDCSG/.lake/packages/mathlib/.lake/build/lib:/Users/eric/Documents/GitHub/TDCSG/.lake/packages/Cli/.lake/build/lib:/Users/eric/Documents/GitHub/TDCSG/.lake/packages/UnicodeBasic/.lake/build/lib:/Users/eric/Documents/GitHub/TDCSG/.lake/packages/BibtexQuery/.lake/build/lib:/Users/eric/Documents/GitHub/TDCSG/.lake/packages/MD4Lean/.lake/build/lib:/Users/eric/Documents/GitHub/TDCSG/.lake/packages/plausible/.lake/build/lib:/Users/eric/Documents/GitHub/TDCSG/.lake/packages/LeanSearchClient/.lake/build/lib:/Users/eric/Documents/GitHub/TDCSG/.lake/packages/importGraph/.lake/build/lib:/Users/eric/Documents/GitHub/TDCSG/.lake/packages/proofwidgets/.lake/build/lib:/Users/eric/Documents/GitHub/TDCSG/.lake/packages/aesop/.lake/build/lib:/Users/eric/Documents/GitHub/TDCSG/.lake/packages/Qq/.lake/build/lib:/Users/eric/Documents/GitHub/TDCSG/.lake/packages/batteries/.lake/build/lib /Users/eric/Documents/GitHub/TDCSG/.lake/packages/doc-gen4/.lake/build/bin/doc-gen4 single --build /Users/eric/Documents/GitHub/TDCSG/.lake/build Mathlib.LinearAlgebra.LinearIndependent.Lemmas https://github.com/leanprover-community/mathlib4/blob/0008c2f8ef142f8e3a8d5dc1535bbc24e63244a6/Mathlib/LinearAlgebra/LinearIndependent/Lemmas.lean",
   "level": "trace"}],
 "inputs":
 [["<collection>",
   [["/Users/eric/Documents/GitHub/TDCSG/.lake/build/doc/Mathlib/Data/Fin/Tuple/Reflection.html",
     "8926163626341707751"],
    ["/Users/eric/Documents/GitHub/TDCSG/.lake/build/doc/Mathlib/LinearAlgebra/Finsupp/SumProd.html",
     "4632625330749596984"],
    ["/Users/eric/Documents/GitHub/TDCSG/.lake/build/doc/Mathlib/LinearAlgebra/LinearIndependent/Basic.html",
     "12244598987858528104"],
    ["/Users/eric/Documents/GitHub/TDCSG/.lake/build/doc/Mathlib/LinearAlgebra/Pi.html",
     "4531146608432064513"],
    ["/Users/eric/Documents/GitHub/TDCSG/.lake/build/doc/Mathlib/Logic/Equiv/Fin/Rotate.html",
     "4756825771119187351"],
    ["/Users/eric/Documents/GitHub/TDCSG/.lake/build/doc/Mathlib/Tactic/FinCases.html",
     "11986380313720600296"],
    ["/Users/eric/Documents/GitHub/TDCSG/.lake/build/doc/Mathlib/Tactic/LinearCombination.html",
     "1969829972769890850"],
    ["/Users/eric/Documents/GitHub/TDCSG/.lake/build/doc/Mathlib/Tactic/Module.html",
     "9725577876680277013"],
    ["/Users/eric/Documents/GitHub/TDCSG/.lake/build/doc/Mathlib/Tactic/NoncommRing.html",
     "4601397967397023455"]]],
  ["/Users/eric/Documents/GitHub/TDCSG/.lake/build/doc-data/references.json",
   "11893762902049086281"],
  ["/Users/eric/Documents/GitHub/TDCSG/.lake/packages/doc-gen4/.lake/build/bin/doc-gen4",
   "5777005123741435647"],
  ["Mathlib.LinearAlgebra.LinearIndependent.Lemmas:leanArts",
   "8595051608112060505"]],
 "depHash": "14382022696522100180"}