{"synthetic": false,
 "outputs":
 {"o": ["2768127948705935251"],
  "i": "15042300979242523672",
  "c": "870523224908709678"},
 "log":
 [{"message":
   ".> LEAN_PATH=/Users/eric/Documents/GitHub/TDCSG/.lake/packages/Cli/.lake/build/lib/lean:/Users/eric/Documents/GitHub/TDCSG/.lake/packages/batteries/.lake/build/lib/lean:/Users/eric/Documents/GitHub/TDCSG/.lake/packages/Qq/.lake/build/lib/lean:/Users/eric/Documents/GitHub/TDCSG/.lake/packages/aesop/.lake/build/lib/lean:/Users/eric/Documents/GitHub/TDCSG/.lake/packages/proofwidgets/.lake/build/lib/lean:/Users/eric/Documents/GitHub/TDCSG/.lake/packages/importGraph/.lake/build/lib/lean:/Users/eric/Documents/GitHub/TDCSG/.lake/packages/LeanSearchClient/.lake/build/lib/lean:/Users/eric/Documents/GitHub/TDCSG/.lake/packages/plausible/.lake/build/lib/lean:/Users/eric/Documents/GitHub/TDCSG/.lake/packages/mathlib/.lake/build/lib/lean:/Users/eric/Documents/GitHub/TDCSG/.lake/build/lib/lean /Users/eric/.elan/toolchains/leanprover--lean4---v4.24.0/bin/lean /Users/eric/Documents/GitHub/TDCSG/TDCSG/CompoundSymmetry/GG5/CriticalRadius.lean -o /Users/eric/Documents/GitHub/TDCSG/.lake/build/lib/lean/TDCSG/CompoundSymmetry/GG5/CriticalRadius.olean -i /Users/eric/Documents/GitHub/TDCSG/.lake/build/lib/lean/TDCSG/CompoundSymmetry/GG5/CriticalRadius.ilean -c /Users/eric/Documents/GitHub/TDCSG/.lake/build/ir/TDCSG/CompoundSymmetry/GG5/CriticalRadius.c --setup /Users/eric/Documents/GitHub/TDCSG/.lake/build/ir/TDCSG/CompoundSymmetry/GG5/CriticalRadius.setup.json --json",
   "level": "trace"}],
 "inputs":
 [["TDCSG.CompoundSymmetry.GG5.CriticalRadius:deps",
   [["deps",
     [["TDCSG/TDCSG:extraDep", [["@TDCSG:extraDep", "1723"]]],
      ["imports",
       [["TDCSG.CompoundSymmetry.GG5.IET transitive imports (legacy)",
         "3278874392864093597"],
        ["TDCSG.CompoundSymmetry.GG5.IET:importAllArts", "9889234684439302362"],
        ["TDCSG.CompoundSymmetry.Finiteness transitive imports (legacy)",
         "8680323290365840663"],
        ["TDCSG.CompoundSymmetry.Finiteness:importAllArts",
         "10023420983365567270"],
        ["Mathlib.Data.Real.Basic transitive imports (legacy)",
         "3490745727804159965"],
        ["Mathlib.Data.Real.Basic:importAllArts", "806048334085254499"],
        ["Mathlib.NumberTheory.Real.GoldenRatio transitive imports (legacy)",
         "11965132689067770158"],
        ["Mathlib.NumberTheory.Real.GoldenRatio:importAllArts",
         "12598048066725999985"],
        ["Mathlib.Analysis.SpecialFunctions.Pow.Real transitive imports (legacy)",
         "13467346595781006414"],
        ["Mathlib.Analysis.SpecialFunctions.Pow.Real:importAllArts",
         "3248678290203768873"],
        ["Mathlib.GroupTheory.GroupAction.Defs transitive imports (legacy)",
         "11159723835981123318"],
        ["Mathlib.GroupTheory.GroupAction.Defs:importAllArts",
         "13151218458934974595"]]]]],
    ["libs",
     [["import dynlibs", "1723"],
      ["package external libraries", "1723"],
      ["module dynlibs", "1723"],
      ["module plugins", "1723"]]]]],
  ["Lean 4.24.0, commit 797c613eb9b6d4ec95db23e3e00af9ac6657f24b",
   "1165570713881806064"],
  ["/Users/eric/Documents/GitHub/TDCSG/TDCSG/CompoundSymmetry/GG5/CriticalRadius.lean",
   "3070922643000692114"],
  ["options", [["-Dpp.unicode.fun=true", "11210593074386665387"]]],
  ["Module.leanArgs: #[]", "1723"]],
 "depHash": "8977594062931688119"}