{"synthetic": false,
 "outputs":
 {"o": ["664474583198873885"],
  "i": "16003960220769387983",
  "c": "17542186534668797517"},
 "log":
 [{"message":
   ".> LEAN_PATH=/Users/eric/Documents/GitHub/TDCSG/.lake/packages/Cli/.lake/build/lib/lean:/Users/eric/Documents/GitHub/TDCSG/.lake/packages/batteries/.lake/build/lib/lean:/Users/eric/Documents/GitHub/TDCSG/.lake/packages/Qq/.lake/build/lib/lean:/Users/eric/Documents/GitHub/TDCSG/.lake/packages/aesop/.lake/build/lib/lean:/Users/eric/Documents/GitHub/TDCSG/.lake/packages/proofwidgets/.lake/build/lib/lean:/Users/eric/Documents/GitHub/TDCSG/.lake/packages/importGraph/.lake/build/lib/lean:/Users/eric/Documents/GitHub/TDCSG/.lake/packages/LeanSearchClient/.lake/build/lib/lean:/Users/eric/Documents/GitHub/TDCSG/.lake/packages/plausible/.lake/build/lib/lean:/Users/eric/Documents/GitHub/TDCSG/.lake/packages/mathlib/.lake/build/lib/lean:/Users/eric/Documents/GitHub/TDCSG/.lake/build/lib/lean /Users/eric/.elan/toolchains/leanprover--lean4---v4.24.0/bin/lean /Users/eric/Documents/GitHub/TDCSG/TDCSG/CompoundSymmetry/GG5/Geometry.lean -o /Users/eric/Documents/GitHub/TDCSG/.lake/build/lib/lean/TDCSG/CompoundSymmetry/GG5/Geometry.olean -i /Users/eric/Documents/GitHub/TDCSG/.lake/build/lib/lean/TDCSG/CompoundSymmetry/GG5/Geometry.ilean -c /Users/eric/Documents/GitHub/TDCSG/.lake/build/ir/TDCSG/CompoundSymmetry/GG5/Geometry.c --setup /Users/eric/Documents/GitHub/TDCSG/.lake/build/ir/TDCSG/CompoundSymmetry/GG5/Geometry.setup.json --json",
   "level": "trace"}],
 "inputs":
 [["TDCSG.CompoundSymmetry.GG5.Geometry:deps",
   [["deps",
     [["TDCSG/TDCSG:extraDep", [["@TDCSG:extraDep", "1723"]]],
      ["imports",
       [["Mathlib.Analysis.SpecialFunctions.Exp transitive imports (legacy)",
         "3033614418709907878"],
        ["Mathlib.Analysis.SpecialFunctions.Exp:importAllArts",
         "18057084743007236809"],
        ["Mathlib.NumberTheory.Real.GoldenRatio transitive imports (legacy)",
         "11965132689067770158"],
        ["Mathlib.NumberTheory.Real.GoldenRatio:importAllArts",
         "12598048066725999985"],
        ["Mathlib.Analysis.SpecialFunctions.Trigonometric.Complex transitive imports (legacy)",
         "9921123460669289311"],
        ["Mathlib.Analysis.SpecialFunctions.Trigonometric.Complex:importAllArts",
         "9555359912116642045"],
        ["Mathlib.Algebra.Order.Ring.Basic transitive imports (legacy)",
         "7992522824187078660"],
        ["Mathlib.Algebra.Order.Ring.Basic:importAllArts",
         "9675510163837429420"],
        ["Mathlib.Analysis.Normed.Module.Convex transitive imports (legacy)",
         "7899318586415786358"],
        ["Mathlib.Analysis.Normed.Module.Convex:importAllArts",
         "6858869406064330072"],
        ["Mathlib.Analysis.Convex.Basic transitive imports (legacy)",
         "10599716006975588410"],
        ["Mathlib.Analysis.Convex.Basic:importAllArts", "2644893926486402044"],
        ["Mathlib.RingTheory.RootsOfUnity.Complex transitive imports (legacy)",
         "6857135590045683609"],
        ["Mathlib.RingTheory.RootsOfUnity.Complex:importAllArts",
         "1632033096918130606"],
        ["TDCSG.CompoundSymmetry.TwoDisk transitive imports (legacy)",
         "17128298417366917030"],
        ["TDCSG.CompoundSymmetry.TwoDisk:importAllArts", "5808026562131211898"],
        ["TDCSG.CompoundSymmetry.GG5.OrbitInfinite transitive imports (legacy)",
         "1786044446777587770"],
        ["TDCSG.CompoundSymmetry.GG5.OrbitInfinite:importAllArts",
         "752611817167531132"]]]]],
    ["libs",
     [["import dynlibs", "1723"],
      ["package external libraries", "1723"],
      ["module dynlibs", "1723"],
      ["module plugins", "1723"]]]]],
  ["Lean 4.24.0, commit 797c613eb9b6d4ec95db23e3e00af9ac6657f24b",
   "1165570713881806064"],
  ["/Users/eric/Documents/GitHub/TDCSG/TDCSG/CompoundSymmetry/GG5/Geometry.lean",
   "5142788128273653024"],
  ["options", [["-Dpp.unicode.fun=true", "11210593074386665387"]]],
  ["Module.leanArgs: #[]", "1723"]],
 "depHash": "7414859526314345450"}